[0.039s] Invoking command in '/home/madhav/mrt_ws/build/mrt_interfaces': CMAKE_PREFIX_PATH=/home/madhav/erc_ws/install/week1_tutorials:/home/madhav/erc_ws/install/week0_tutorials:/home/madhav/erc_ws/install/sherlock:/opt/ros/humble /usr/bin/cmake --build /home/madhav/mrt_ws/build/mrt_interfaces -- -j12 -l12
[0.052s] -- Found ament_cmake: 1.3.6 (/opt/ros/humble/share/ament_cmake/cmake)
[0.134s] -- Found rosidl_default_generators: 1.2.0 (/opt/ros/humble/share/rosidl_default_generators/cmake)
[0.135s] -- Using all available rosidl_typesupport_c: rosidl_typesupport_fastrtps_c;rosidl_typesupport_introspection_c
[0.136s] -- Found rosidl_adapter: 3.1.5 (/opt/ros/humble/share/rosidl_adapter/cmake)
[0.153s] -- Using all available rosidl_typesupport_cpp: rosidl_typesupport_fastrtps_cpp;rosidl_typesupport_introspection_cpp
[0.305s] -- Found ament_cmake_ros: 0.10.0 (/opt/ros/humble/share/ament_cmake_ros/cmake)
[0.408s] -- Using all available rosidl_typesupport_c: rosidl_typesupport_fastrtps_c;rosidl_typesupport_introspection_c
[0.544s] -- Using all available rosidl_typesupport_cpp: rosidl_typesupport_fastrtps_cpp;rosidl_typesupport_introspection_cpp
[0.557s] -- Found python_cmake_module: 0.10.0 (/opt/ros/humble/share/python_cmake_module/cmake)
[0.570s] -- Using PYTHON_EXECUTABLE: /usr/bin/python3
[0.570s] -- Using PYTHON_INCLUDE_DIRS: /usr/include/python3.10
[0.570s] -- Using PYTHON_LIBRARIES: /usr/lib/x86_64-linux-gnu/libpython3.10.so
[0.576s] -- Found ament_lint_auto: 0.12.9 (/opt/ros/humble/share/ament_lint_auto/cmake)
[0.580s] -- Added test 'lint_cmake' to check CMake code style
[0.581s] -- Added test 'xmllint' to check XML markup files
[0.582s] -- Configuring done
[0.594s] -- Generating done
[0.595s] -- Build files have been written to: /home/madhav/mrt_ws/build/mrt_interfaces
[0.611s] [  3%] [34m[1mGenerating C code for ROS interfaces[0m
[0.615s] [  6%] [34m[1mGenerating C++ code for ROS interfaces[0m
[0.620s] [  6%] Built target ament_cmake_python_copy_mrt_interfaces
[0.761s] [  6%] Built target mrt_interfaces__cpp
[0.761s] running egg_info
[0.762s] writing mrt_interfaces.egg-info/PKG-INFO
[0.762s] writing dependency_links to mrt_interfaces.egg-info/dependency_links.txt
[0.762s] writing top-level names to mrt_interfaces.egg-info/top_level.txt
[0.763s] reading manifest file 'mrt_interfaces.egg-info/SOURCES.txt'
[0.763s] writing manifest file 'mrt_interfaces.egg-info/SOURCES.txt'
[0.767s] [  9%] [34m[1mGenerating C++ type support dispatch for ROS interfaces[0m
[0.769s] [ 16%] [34m[1mGenerating C++ introspection for ROS interfaces[0m
[0.769s] [ 16%] [34m[1mGenerating C++ type support for eProsima Fast-RTPS[0m
[0.781s] [ 16%] Built target ament_cmake_python_build_mrt_interfaces_egg
[0.828s] [ 19%] [32mBuilding C object CMakeFiles/mrt_interfaces__rosidl_generator_c.dir/rosidl_generator_c/mrt_interfaces/msg/detail/custom__functions.c.o[0m
[0.859s] [ 22%] [32m[1mLinking C shared library libmrt_interfaces__rosidl_generator_c.so[0m
[0.882s] [ 22%] Built target mrt_interfaces__rosidl_generator_c
[0.888s] [ 25%] [34m[1mGenerating C type support for eProsima Fast-RTPS[0m
[0.891s] [ 32%] [34m[1mGenerating C introspection for ROS interfaces[0m
[0.891s] [ 32%] [34m[1mGenerating C type support dispatch for ROS interfaces[0m
[0.898s] [ 35%] [32mBuilding CXX object CMakeFiles/mrt_interfaces__rosidl_typesupport_cpp.dir/rosidl_typesupport_cpp/mrt_interfaces/msg/custom__type_support.cpp.o[0m
[0.999s] [ 38%] [32mBuilding CXX object CMakeFiles/mrt_interfaces__rosidl_typesupport_introspection_cpp.dir/rosidl_typesupport_introspection_cpp/mrt_interfaces/msg/detail/custom__type_support.cpp.o[0m
[1.012s] [ 41%] [32mBuilding CXX object CMakeFiles/mrt_interfaces__rosidl_typesupport_fastrtps_cpp.dir/rosidl_typesupport_fastrtps_cpp/mrt_interfaces/msg/detail/dds_fastrtps/custom__type_support.cpp.o[0m
[1.051s] [ 45%] [32mBuilding CXX object CMakeFiles/mrt_interfaces__rosidl_typesupport_fastrtps_c.dir/rosidl_typesupport_fastrtps_c/mrt_interfaces/msg/detail/custom__type_support_c.cpp.o[0m
[1.108s] [ 48%] [32mBuilding C object CMakeFiles/mrt_interfaces__rosidl_typesupport_introspection_c.dir/rosidl_typesupport_introspection_c/mrt_interfaces/msg/detail/custom__type_support.c.o[0m
[1.130s] [ 51%] [32mBuilding CXX object CMakeFiles/mrt_interfaces__rosidl_typesupport_c.dir/rosidl_typesupport_c/mrt_interfaces/msg/custom__type_support.cpp.o[0m
[1.131s] [ 54%] [32m[1mLinking C shared library libmrt_interfaces__rosidl_typesupport_introspection_c.so[0m
[1.149s] [ 58%] [32m[1mLinking CXX shared library libmrt_interfaces__rosidl_typesupport_c.so[0m
[1.151s] [ 61%] [32m[1mLinking CXX shared library libmrt_interfaces__rosidl_typesupport_cpp.so[0m
[1.159s] [ 61%] Built target mrt_interfaces__rosidl_typesupport_introspection_c
[1.177s] [ 61%] Built target mrt_interfaces__rosidl_typesupport_c
[1.187s] [ 61%] Built target mrt_interfaces__rosidl_typesupport_cpp
[1.253s] [ 64%] [32m[1mLinking CXX shared library libmrt_interfaces__rosidl_typesupport_fastrtps_cpp.so[0m
[1.298s] [ 64%] Built target mrt_interfaces__rosidl_typesupport_fastrtps_cpp
[1.298s] [ 67%] [32m[1mLinking CXX shared library libmrt_interfaces__rosidl_typesupport_fastrtps_c.so[0m
[1.342s] [ 70%] [32m[1mLinking CXX shared library libmrt_interfaces__rosidl_typesupport_introspection_cpp.so[0m
[1.342s] [ 70%] Built target mrt_interfaces__rosidl_typesupport_fastrtps_c
[1.376s] [ 70%] Built target mrt_interfaces__rosidl_typesupport_introspection_cpp
[1.387s] [ 70%] Built target mrt_interfaces
[1.398s] [ 74%] [34m[1mGenerating Python code for ROS interfaces[0m
[1.559s] [ 74%] Built target mrt_interfaces__py
[1.569s] [ 77%] [32mBuilding C object CMakeFiles/mrt_interfaces__rosidl_generator_py.dir/rosidl_generator_py/mrt_interfaces/msg/_custom_s.c.o[0m
[1.623s] [ 80%] [32m[1mLinking C shared library rosidl_generator_py/mrt_interfaces/libmrt_interfaces__rosidl_generator_py.so[0m
[1.645s] [ 80%] Built target mrt_interfaces__rosidl_generator_py
[1.657s] [ 83%] [32mBuilding C object CMakeFiles/mrt_interfaces__rosidl_typesupport_fastrtps_c__pyext.dir/rosidl_generator_py/mrt_interfaces/_mrt_interfaces_s.ep.rosidl_typesupport_fastrtps_c.c.o[0m
[1.657s] [ 87%] [32mBuilding C object CMakeFiles/mrt_interfaces__rosidl_typesupport_introspection_c__pyext.dir/rosidl_generator_py/mrt_interfaces/_mrt_interfaces_s.ep.rosidl_typesupport_introspection_c.c.o[0m
[1.660s] [ 90%] [32mBuilding C object CMakeFiles/mrt_interfaces__rosidl_typesupport_c__pyext.dir/rosidl_generator_py/mrt_interfaces/_mrt_interfaces_s.ep.rosidl_typesupport_c.c.o[0m
[1.711s] [ 93%] [32m[1mLinking C shared library rosidl_generator_py/mrt_interfaces/mrt_interfaces_s__rosidl_typesupport_c.cpython-310-x86_64-linux-gnu.so[0m
[1.714s] [ 96%] [32m[1mLinking C shared library rosidl_generator_py/mrt_interfaces/mrt_interfaces_s__rosidl_typesupport_fastrtps_c.cpython-310-x86_64-linux-gnu.so[0m
[1.732s] [ 96%] Built target mrt_interfaces__rosidl_typesupport_c__pyext
[1.733s] [100%] [32m[1mLinking C shared library rosidl_generator_py/mrt_interfaces/mrt_interfaces_s__rosidl_typesupport_introspection_c.cpython-310-x86_64-linux-gnu.so[0m
[1.733s] [100%] Built target mrt_interfaces__rosidl_typesupport_fastrtps_c__pyext
[1.752s] [100%] Built target mrt_interfaces__rosidl_typesupport_introspection_c__pyext
[1.759s] Invoked command in '/home/madhav/mrt_ws/build/mrt_interfaces' returned '0': CMAKE_PREFIX_PATH=/home/madhav/erc_ws/install/week1_tutorials:/home/madhav/erc_ws/install/week0_tutorials:/home/madhav/erc_ws/install/sherlock:/opt/ros/humble /usr/bin/cmake --build /home/madhav/mrt_ws/build/mrt_interfaces -- -j12 -l12
[1.791s] Invoking command in '/home/madhav/mrt_ws/build/mrt_interfaces': CMAKE_PREFIX_PATH=/home/madhav/erc_ws/install/week1_tutorials:/home/madhav/erc_ws/install/week0_tutorials:/home/madhav/erc_ws/install/sherlock:/opt/ros/humble /usr/bin/cmake --install /home/madhav/mrt_ws/build/mrt_interfaces
[1.796s] -- Install configuration: ""
[1.796s] -- Installing: /home/madhav/mrt_ws/install/mrt_interfaces/share/ament_index/resource_index/rosidl_interfaces/mrt_interfaces
[1.796s] -- Installing: /home/madhav/mrt_ws/install/mrt_interfaces/include/mrt_interfaces/mrt_interfaces
[1.796s] -- Installing: /home/madhav/mrt_ws/install/mrt_interfaces/include/mrt_interfaces/mrt_interfaces/msg
[1.796s] -- Installing: /home/madhav/mrt_ws/install/mrt_interfaces/include/mrt_interfaces/mrt_interfaces/msg/rosidl_generator_c__visibility_control.h
[1.796s] -- Installing: /home/madhav/mrt_ws/install/mrt_interfaces/include/mrt_interfaces/mrt_interfaces/msg/detail
[1.796s] -- Installing: /home/madhav/mrt_ws/install/mrt_interfaces/include/mrt_interfaces/mrt_interfaces/msg/detail/custom__functions.c
[1.796s] -- Installing: /home/madhav/mrt_ws/install/mrt_interfaces/include/mrt_interfaces/mrt_interfaces/msg/detail/custom__type_support.h
[1.796s] -- Installing: /home/madhav/mrt_ws/install/mrt_interfaces/include/mrt_interfaces/mrt_interfaces/msg/detail/custom__functions.h
[1.796s] -- Installing: /home/madhav/mrt_ws/install/mrt_interfaces/include/mrt_interfaces/mrt_interfaces/msg/detail/custom__struct.h
[1.796s] -- Installing: /home/madhav/mrt_ws/install/mrt_interfaces/include/mrt_interfaces/mrt_interfaces/msg/custom.h
[1.796s] -- Installing: /home/madhav/mrt_ws/install/mrt_interfaces/share/mrt_interfaces/environment/library_path.sh
[1.796s] -- Installing: /home/madhav/mrt_ws/install/mrt_interfaces/share/mrt_interfaces/environment/library_path.dsv
[1.797s] -- Installing: /home/madhav/mrt_ws/install/mrt_interfaces/lib/libmrt_interfaces__rosidl_generator_c.so
[1.797s] -- Set runtime path of "/home/madhav/mrt_ws/install/mrt_interfaces/lib/libmrt_interfaces__rosidl_generator_c.so" to ""
[1.797s] -- Up-to-date: /home/madhav/mrt_ws/install/mrt_interfaces/include/mrt_interfaces/mrt_interfaces
[1.797s] -- Up-to-date: /home/madhav/mrt_ws/install/mrt_interfaces/include/mrt_interfaces/mrt_interfaces/msg
[1.797s] -- Up-to-date: /home/madhav/mrt_ws/install/mrt_interfaces/include/mrt_interfaces/mrt_interfaces/msg/detail
[1.797s] -- Installing: /home/madhav/mrt_ws/install/mrt_interfaces/include/mrt_interfaces/mrt_interfaces/msg/detail/custom__rosidl_typesupport_fastrtps_c.h
[1.797s] -- Installing: /home/madhav/mrt_ws/install/mrt_interfaces/include/mrt_interfaces/mrt_interfaces/msg/rosidl_typesupport_fastrtps_c__visibility_control.h
[1.797s] -- Installing: /home/madhav/mrt_ws/install/mrt_interfaces/lib/libmrt_interfaces__rosidl_typesupport_fastrtps_c.so
[1.797s] -- Set runtime path of "/home/madhav/mrt_ws/install/mrt_interfaces/lib/libmrt_interfaces__rosidl_typesupport_fastrtps_c.so" to ""
[1.797s] -- Up-to-date: /home/madhav/mrt_ws/install/mrt_interfaces/include/mrt_interfaces/mrt_interfaces
[1.797s] -- Up-to-date: /home/madhav/mrt_ws/install/mrt_interfaces/include/mrt_interfaces/mrt_interfaces/msg
[1.797s] -- Up-to-date: /home/madhav/mrt_ws/install/mrt_interfaces/include/mrt_interfaces/mrt_interfaces/msg/detail
[1.797s] -- Installing: /home/madhav/mrt_ws/install/mrt_interfaces/include/mrt_interfaces/mrt_interfaces/msg/detail/custom__rosidl_typesupport_introspection_c.h
[1.798s] -- Installing: /home/madhav/mrt_ws/install/mrt_interfaces/include/mrt_interfaces/mrt_interfaces/msg/detail/custom__type_support.c
[1.798s] -- Installing: /home/madhav/mrt_ws/install/mrt_interfaces/include/mrt_interfaces/mrt_interfaces/msg/rosidl_typesupport_introspection_c__visibility_control.h
[1.798s] -- Installing: /home/madhav/mrt_ws/install/mrt_interfaces/lib/libmrt_interfaces__rosidl_typesupport_introspection_c.so
[1.798s] -- Set runtime path of "/home/madhav/mrt_ws/install/mrt_interfaces/lib/libmrt_interfaces__rosidl_typesupport_introspection_c.so" to ""
[1.798s] -- Installing: /home/madhav/mrt_ws/install/mrt_interfaces/lib/libmrt_interfaces__rosidl_typesupport_c.so
[1.798s] -- Set runtime path of "/home/madhav/mrt_ws/install/mrt_interfaces/lib/libmrt_interfaces__rosidl_typesupport_c.so" to ""
[1.798s] -- Up-to-date: /home/madhav/mrt_ws/install/mrt_interfaces/include/mrt_interfaces/mrt_interfaces
[1.798s] -- Up-to-date: /home/madhav/mrt_ws/install/mrt_interfaces/include/mrt_interfaces/mrt_interfaces/msg
[1.798s] -- Up-to-date: /home/madhav/mrt_ws/install/mrt_interfaces/include/mrt_interfaces/mrt_interfaces/msg/detail
[1.798s] -- Installing: /home/madhav/mrt_ws/install/mrt_interfaces/include/mrt_interfaces/mrt_interfaces/msg/detail/custom__traits.hpp
[1.798s] -- Installing: /home/madhav/mrt_ws/install/mrt_interfaces/include/mrt_interfaces/mrt_interfaces/msg/detail/custom__builder.hpp
[1.798s] -- Installing: /home/madhav/mrt_ws/install/mrt_interfaces/include/mrt_interfaces/mrt_interfaces/msg/detail/custom__struct.hpp
[1.798s] -- Installing: /home/madhav/mrt_ws/install/mrt_interfaces/include/mrt_interfaces/mrt_interfaces/msg/custom.hpp
[1.799s] -- Up-to-date: /home/madhav/mrt_ws/install/mrt_interfaces/include/mrt_interfaces/mrt_interfaces
[1.799s] -- Up-to-date: /home/madhav/mrt_ws/install/mrt_interfaces/include/mrt_interfaces/mrt_interfaces/msg
[1.799s] -- Up-to-date: /home/madhav/mrt_ws/install/mrt_interfaces/include/mrt_interfaces/mrt_interfaces/msg/detail
[1.799s] -- Installing: /home/madhav/mrt_ws/install/mrt_interfaces/include/mrt_interfaces/mrt_interfaces/msg/detail/custom__rosidl_typesupport_fastrtps_cpp.hpp
[1.799s] -- Installing: /home/madhav/mrt_ws/install/mrt_interfaces/include/mrt_interfaces/mrt_interfaces/msg/detail/dds_fastrtps
[1.799s] -- Installing: /home/madhav/mrt_ws/install/mrt_interfaces/include/mrt_interfaces/mrt_interfaces/msg/rosidl_typesupport_fastrtps_cpp__visibility_control.h
[1.799s] -- Installing: /home/madhav/mrt_ws/install/mrt_interfaces/lib/libmrt_interfaces__rosidl_typesupport_fastrtps_cpp.so
[1.799s] -- Set runtime path of "/home/madhav/mrt_ws/install/mrt_interfaces/lib/libmrt_interfaces__rosidl_typesupport_fastrtps_cpp.so" to ""
[1.799s] -- Up-to-date: /home/madhav/mrt_ws/install/mrt_interfaces/include/mrt_interfaces/mrt_interfaces
[1.799s] -- Up-to-date: /home/madhav/mrt_ws/install/mrt_interfaces/include/mrt_interfaces/mrt_interfaces/msg
[1.799s] -- Up-to-date: /home/madhav/mrt_ws/install/mrt_interfaces/include/mrt_interfaces/mrt_interfaces/msg/detail
[1.799s] -- Installing: /home/madhav/mrt_ws/install/mrt_interfaces/include/mrt_interfaces/mrt_interfaces/msg/detail/custom__type_support.cpp
[1.799s] -- Installing: /home/madhav/mrt_ws/install/mrt_interfaces/include/mrt_interfaces/mrt_interfaces/msg/detail/custom__rosidl_typesupport_introspection_cpp.hpp
[1.799s] -- Installing: /home/madhav/mrt_ws/install/mrt_interfaces/lib/libmrt_interfaces__rosidl_typesupport_introspection_cpp.so
[1.799s] -- Set runtime path of "/home/madhav/mrt_ws/install/mrt_interfaces/lib/libmrt_interfaces__rosidl_typesupport_introspection_cpp.so" to ""
[1.800s] -- Installing: /home/madhav/mrt_ws/install/mrt_interfaces/lib/libmrt_interfaces__rosidl_typesupport_cpp.so
[1.800s] -- Set runtime path of "/home/madhav/mrt_ws/install/mrt_interfaces/lib/libmrt_interfaces__rosidl_typesupport_cpp.so" to ""
[1.800s] -- Installing: /home/madhav/mrt_ws/install/mrt_interfaces/share/mrt_interfaces/environment/pythonpath.sh
[1.800s] -- Installing: /home/madhav/mrt_ws/install/mrt_interfaces/share/mrt_interfaces/environment/pythonpath.dsv
[1.800s] -- Installing: /home/madhav/mrt_ws/install/mrt_interfaces/local/lib/python3.10/dist-packages/mrt_interfaces-0.0.0-py3.10.egg-info
[1.800s] -- Installing: /home/madhav/mrt_ws/install/mrt_interfaces/local/lib/python3.10/dist-packages/mrt_interfaces-0.0.0-py3.10.egg-info/SOURCES.txt
[1.800s] -- Installing: /home/madhav/mrt_ws/install/mrt_interfaces/local/lib/python3.10/dist-packages/mrt_interfaces-0.0.0-py3.10.egg-info/PKG-INFO
[1.800s] -- Installing: /home/madhav/mrt_ws/install/mrt_interfaces/local/lib/python3.10/dist-packages/mrt_interfaces-0.0.0-py3.10.egg-info/top_level.txt
[1.800s] -- Installing: /home/madhav/mrt_ws/install/mrt_interfaces/local/lib/python3.10/dist-packages/mrt_interfaces-0.0.0-py3.10.egg-info/dependency_links.txt
[1.800s] -- Installing: /home/madhav/mrt_ws/install/mrt_interfaces/local/lib/python3.10/dist-packages/mrt_interfaces
[1.800s] -- Installing: /home/madhav/mrt_ws/install/mrt_interfaces/local/lib/python3.10/dist-packages/mrt_interfaces/msg
[1.800s] -- Installing: /home/madhav/mrt_ws/install/mrt_interfaces/local/lib/python3.10/dist-packages/mrt_interfaces/msg/_custom.py
[1.800s] -- Installing: /home/madhav/mrt_ws/install/mrt_interfaces/local/lib/python3.10/dist-packages/mrt_interfaces/msg/__init__.py
[1.800s] -- Installing: /home/madhav/mrt_ws/install/mrt_interfaces/local/lib/python3.10/dist-packages/mrt_interfaces/msg/_custom_s.c
[1.800s] -- Installing: /home/madhav/mrt_ws/install/mrt_interfaces/local/lib/python3.10/dist-packages/mrt_interfaces/__init__.py
[1.800s] -- Installing: /home/madhav/mrt_ws/install/mrt_interfaces/local/lib/python3.10/dist-packages/mrt_interfaces/mrt_interfaces_s__rosidl_typesupport_fastrtps_c.cpython-310-x86_64-linux-gnu.so
[1.800s] -- Installing: /home/madhav/mrt_ws/install/mrt_interfaces/local/lib/python3.10/dist-packages/mrt_interfaces/_mrt_interfaces_s.ep.rosidl_typesupport_introspection_c.c
[1.800s] -- Installing: /home/madhav/mrt_ws/install/mrt_interfaces/local/lib/python3.10/dist-packages/mrt_interfaces/mrt_interfaces_s__rosidl_typesupport_introspection_c.cpython-310-x86_64-linux-gnu.so
[1.800s] -- Installing: /home/madhav/mrt_ws/install/mrt_interfaces/local/lib/python3.10/dist-packages/mrt_interfaces/mrt_interfaces_s__rosidl_typesupport_c.cpython-310-x86_64-linux-gnu.so
[1.800s] -- Installing: /home/madhav/mrt_ws/install/mrt_interfaces/local/lib/python3.10/dist-packages/mrt_interfaces/_mrt_interfaces_s.ep.rosidl_typesupport_fastrtps_c.c
[1.800s] -- Installing: /home/madhav/mrt_ws/install/mrt_interfaces/local/lib/python3.10/dist-packages/mrt_interfaces/libmrt_interfaces__rosidl_generator_py.so
[1.800s] -- Installing: /home/madhav/mrt_ws/install/mrt_interfaces/local/lib/python3.10/dist-packages/mrt_interfaces/_mrt_interfaces_s.ep.rosidl_typesupport_c.c
[1.819s] Listing '/home/madhav/mrt_ws/install/mrt_interfaces/local/lib/python3.10/dist-packages/mrt_interfaces'...
[1.819s] Compiling '/home/madhav/mrt_ws/install/mrt_interfaces/local/lib/python3.10/dist-packages/mrt_interfaces/__init__.py'...
[1.819s] Listing '/home/madhav/mrt_ws/install/mrt_interfaces/local/lib/python3.10/dist-packages/mrt_interfaces/msg'...
[1.819s] Compiling '/home/madhav/mrt_ws/install/mrt_interfaces/local/lib/python3.10/dist-packages/mrt_interfaces/msg/__init__.py'...
[1.819s] Compiling '/home/madhav/mrt_ws/install/mrt_interfaces/local/lib/python3.10/dist-packages/mrt_interfaces/msg/_custom.py'...
[1.821s] -- Installing: /home/madhav/mrt_ws/install/mrt_interfaces/local/lib/python3.10/dist-packages/mrt_interfaces/mrt_interfaces_s__rosidl_typesupport_fastrtps_c.cpython-310-x86_64-linux-gnu.so
[1.821s] -- Set runtime path of "/home/madhav/mrt_ws/install/mrt_interfaces/local/lib/python3.10/dist-packages/mrt_interfaces/mrt_interfaces_s__rosidl_typesupport_fastrtps_c.cpython-310-x86_64-linux-gnu.so" to ""
[1.822s] -- Installing: /home/madhav/mrt_ws/install/mrt_interfaces/local/lib/python3.10/dist-packages/mrt_interfaces/mrt_interfaces_s__rosidl_typesupport_introspection_c.cpython-310-x86_64-linux-gnu.so
[1.822s] -- Set runtime path of "/home/madhav/mrt_ws/install/mrt_interfaces/local/lib/python3.10/dist-packages/mrt_interfaces/mrt_interfaces_s__rosidl_typesupport_introspection_c.cpython-310-x86_64-linux-gnu.so" to ""
[1.822s] -- Installing: /home/madhav/mrt_ws/install/mrt_interfaces/local/lib/python3.10/dist-packages/mrt_interfaces/mrt_interfaces_s__rosidl_typesupport_c.cpython-310-x86_64-linux-gnu.so
[1.822s] -- Set runtime path of "/home/madhav/mrt_ws/install/mrt_interfaces/local/lib/python3.10/dist-packages/mrt_interfaces/mrt_interfaces_s__rosidl_typesupport_c.cpython-310-x86_64-linux-gnu.so" to ""
[1.822s] -- Installing: /home/madhav/mrt_ws/install/mrt_interfaces/lib/libmrt_interfaces__rosidl_generator_py.so
[1.822s] -- Set runtime path of "/home/madhav/mrt_ws/install/mrt_interfaces/lib/libmrt_interfaces__rosidl_generator_py.so" to ""
[1.822s] -- Installing: /home/madhav/mrt_ws/install/mrt_interfaces/share/mrt_interfaces/msg/Custom.idl
[1.822s] -- Installing: /home/madhav/mrt_ws/install/mrt_interfaces/share/mrt_interfaces/msg/Custom.msg
[1.822s] -- Installing: /home/madhav/mrt_ws/install/mrt_interfaces/share/ament_index/resource_index/package_run_dependencies/mrt_interfaces
[1.822s] -- Installing: /home/madhav/mrt_ws/install/mrt_interfaces/share/ament_index/resource_index/parent_prefix_path/mrt_interfaces
[1.822s] -- Installing: /home/madhav/mrt_ws/install/mrt_interfaces/share/mrt_interfaces/environment/ament_prefix_path.sh
[1.822s] -- Installing: /home/madhav/mrt_ws/install/mrt_interfaces/share/mrt_interfaces/environment/ament_prefix_path.dsv
[1.823s] -- Installing: /home/madhav/mrt_ws/install/mrt_interfaces/share/mrt_interfaces/environment/path.sh
[1.823s] -- Installing: /home/madhav/mrt_ws/install/mrt_interfaces/share/mrt_interfaces/environment/path.dsv
[1.823s] -- Installing: /home/madhav/mrt_ws/install/mrt_interfaces/share/mrt_interfaces/local_setup.bash
[1.823s] -- Installing: /home/madhav/mrt_ws/install/mrt_interfaces/share/mrt_interfaces/local_setup.sh
[1.823s] -- Installing: /home/madhav/mrt_ws/install/mrt_interfaces/share/mrt_interfaces/local_setup.zsh
[1.823s] -- Installing: /home/madhav/mrt_ws/install/mrt_interfaces/share/mrt_interfaces/local_setup.dsv
[1.823s] -- Installing: /home/madhav/mrt_ws/install/mrt_interfaces/share/mrt_interfaces/package.dsv
[1.823s] -- Installing: /home/madhav/mrt_ws/install/mrt_interfaces/share/ament_index/resource_index/packages/mrt_interfaces
[1.823s] -- Installing: /home/madhav/mrt_ws/install/mrt_interfaces/share/mrt_interfaces/cmake/export_mrt_interfaces__rosidl_generator_cExport.cmake
[1.823s] -- Installing: /home/madhav/mrt_ws/install/mrt_interfaces/share/mrt_interfaces/cmake/export_mrt_interfaces__rosidl_generator_cExport-noconfig.cmake
[1.823s] -- Installing: /home/madhav/mrt_ws/install/mrt_interfaces/share/mrt_interfaces/cmake/export_mrt_interfaces__rosidl_typesupport_fastrtps_cExport.cmake
[1.823s] -- Installing: /home/madhav/mrt_ws/install/mrt_interfaces/share/mrt_interfaces/cmake/export_mrt_interfaces__rosidl_typesupport_fastrtps_cExport-noconfig.cmake
[1.823s] -- Installing: /home/madhav/mrt_ws/install/mrt_interfaces/share/mrt_interfaces/cmake/mrt_interfaces__rosidl_typesupport_introspection_cExport.cmake
[1.823s] -- Installing: /home/madhav/mrt_ws/install/mrt_interfaces/share/mrt_interfaces/cmake/mrt_interfaces__rosidl_typesupport_introspection_cExport-noconfig.cmake
[1.824s] -- Installing: /home/madhav/mrt_ws/install/mrt_interfaces/share/mrt_interfaces/cmake/mrt_interfaces__rosidl_typesupport_cExport.cmake
[1.824s] -- Installing: /home/madhav/mrt_ws/install/mrt_interfaces/share/mrt_interfaces/cmake/mrt_interfaces__rosidl_typesupport_cExport-noconfig.cmake
[1.824s] -- Installing: /home/madhav/mrt_ws/install/mrt_interfaces/share/mrt_interfaces/cmake/export_mrt_interfaces__rosidl_generator_cppExport.cmake
[1.824s] -- Installing: /home/madhav/mrt_ws/install/mrt_interfaces/share/mrt_interfaces/cmake/export_mrt_interfaces__rosidl_typesupport_fastrtps_cppExport.cmake
[1.824s] -- Installing: /home/madhav/mrt_ws/install/mrt_interfaces/share/mrt_interfaces/cmake/export_mrt_interfaces__rosidl_typesupport_fastrtps_cppExport-noconfig.cmake
[1.824s] -- Installing: /home/madhav/mrt_ws/install/mrt_interfaces/share/mrt_interfaces/cmake/mrt_interfaces__rosidl_typesupport_introspection_cppExport.cmake
[1.824s] -- Installing: /home/madhav/mrt_ws/install/mrt_interfaces/share/mrt_interfaces/cmake/mrt_interfaces__rosidl_typesupport_introspection_cppExport-noconfig.cmake
[1.824s] -- Installing: /home/madhav/mrt_ws/install/mrt_interfaces/share/mrt_interfaces/cmake/mrt_interfaces__rosidl_typesupport_cppExport.cmake
[1.824s] -- Installing: /home/madhav/mrt_ws/install/mrt_interfaces/share/mrt_interfaces/cmake/mrt_interfaces__rosidl_typesupport_cppExport-noconfig.cmake
[1.824s] -- Installing: /home/madhav/mrt_ws/install/mrt_interfaces/share/mrt_interfaces/cmake/export_mrt_interfaces__rosidl_generator_pyExport.cmake
[1.824s] -- Installing: /home/madhav/mrt_ws/install/mrt_interfaces/share/mrt_interfaces/cmake/export_mrt_interfaces__rosidl_generator_pyExport-noconfig.cmake
[1.824s] -- Installing: /home/madhav/mrt_ws/install/mrt_interfaces/share/mrt_interfaces/cmake/rosidl_cmake-extras.cmake
[1.824s] -- Installing: /home/madhav/mrt_ws/install/mrt_interfaces/share/mrt_interfaces/cmake/ament_cmake_export_include_directories-extras.cmake
[1.825s] -- Installing: /home/madhav/mrt_ws/install/mrt_interfaces/share/mrt_interfaces/cmake/ament_cmake_export_libraries-extras.cmake
[1.825s] -- Installing: /home/madhav/mrt_ws/install/mrt_interfaces/share/mrt_interfaces/cmake/ament_cmake_export_targets-extras.cmake
[1.825s] -- Installing: /home/madhav/mrt_ws/install/mrt_interfaces/share/mrt_interfaces/cmake/rosidl_cmake_export_typesupport_targets-extras.cmake
[1.825s] -- Installing: /home/madhav/mrt_ws/install/mrt_interfaces/share/mrt_interfaces/cmake/ament_cmake_export_dependencies-extras.cmake
[1.825s] -- Installing: /home/madhav/mrt_ws/install/mrt_interfaces/share/mrt_interfaces/cmake/rosidl_cmake_export_typesupport_libraries-extras.cmake
[1.825s] -- Installing: /home/madhav/mrt_ws/install/mrt_interfaces/share/mrt_interfaces/cmake/mrt_interfacesConfig.cmake
[1.825s] -- Installing: /home/madhav/mrt_ws/install/mrt_interfaces/share/mrt_interfaces/cmake/mrt_interfacesConfig-version.cmake
[1.825s] -- Installing: /home/madhav/mrt_ws/install/mrt_interfaces/share/mrt_interfaces/package.xml
[1.825s] Invoked command in '/home/madhav/mrt_ws/build/mrt_interfaces' returned '0': CMAKE_PREFIX_PATH=/home/madhav/erc_ws/install/week1_tutorials:/home/madhav/erc_ws/install/week0_tutorials:/home/madhav/erc_ws/install/sherlock:/opt/ros/humble /usr/bin/cmake --install /home/madhav/mrt_ws/build/mrt_interfaces
