[0.039s] Invoking command in '/home/madhav/mrt_ws/build/mrt_interfaces': CMAKE_PREFIX_PATH=/home/madhav/erc_ws/install/week1_tutorials:/home/madhav/erc_ws/install/week0_tutorials:/home/madhav/erc_ws/install/sherlock:/opt/ros/humble /usr/bin/cmake --build /home/madhav/mrt_ws/build/mrt_interfaces -- -j12 -l12
[0.052s] -- Found ament_cmake: 1.3.6 (/opt/ros/humble/share/ament_cmake/cmake)
[0.134s] -- Found rosidl_default_generators: 1.2.0 (/opt/ros/humble/share/rosidl_default_generators/cmake)
[0.135s] -- Using all available rosidl_typesupport_c: rosidl_typesupport_fastrtps_c;rosidl_typesupport_introspection_c
[0.137s] -- Found rosidl_adapter: 3.1.5 (/opt/ros/humble/share/rosidl_adapter/cmake)
[0.154s] -- Using all available rosidl_typesupport_cpp: rosidl_typesupport_fastrtps_cpp;rosidl_typesupport_introspection_cpp
[0.306s] -- Found ament_cmake_ros: 0.10.0 (/opt/ros/humble/share/ament_cmake_ros/cmake)
[0.412s] -- Using all available rosidl_typesupport_c: rosidl_typesupport_fastrtps_c;rosidl_typesupport_introspection_c
[0.548s] -- Using all available rosidl_typesupport_cpp: rosidl_typesupport_fastrtps_cpp;rosidl_typesupport_introspection_cpp
[0.561s] -- Found python_cmake_module: 0.10.0 (/opt/ros/humble/share/python_cmake_module/cmake)
[0.574s] -- Using PYTHON_EXECUTABLE: /usr/bin/python3
[0.574s] -- Using PYTHON_INCLUDE_DIRS: /usr/include/python3.10
[0.575s] -- Using PYTHON_LIBRARIES: /usr/lib/x86_64-linux-gnu/libpython3.10.so
[0.580s] -- Found ament_lint_auto: 0.12.9 (/opt/ros/humble/share/ament_lint_auto/cmake)
[0.585s] -- Added test 'lint_cmake' to check CMake code style
[0.585s] -- Added test 'xmllint' to check XML markup files
[0.586s] -- Configuring done
[0.598s] -- Generating done
[0.599s] -- Build files have been written to: /home/madhav/mrt_ws/build/mrt_interfaces
[0.614s] [  3%] [34m[1mGenerating C code for ROS interfaces[0m
[0.618s] [  6%] [34m[1mGenerating C++ code for ROS interfaces[0m
[0.631s] [  6%] Built target ament_cmake_python_copy_mrt_interfaces
[0.760s] [35m[1mConsolidate compiler generated dependencies of target mrt_interfaces__rosidl_generator_c[0m
[0.762s] [  6%] Built target mrt_interfaces__cpp
[0.766s] [  9%] [32mBuilding C object CMakeFiles/mrt_interfaces__rosidl_generator_c.dir/rosidl_generator_c/mrt_interfaces/msg/detail/custom__functions.c.o[0m
[0.767s] [ 12%] [34m[1mGenerating C++ type support for eProsima Fast-RTPS[0m
[0.770s] [ 19%] [34m[1mGenerating C++ introspection for ROS interfaces[0m
[0.770s] [ 19%] [34m[1mGenerating C++ type support dispatch for ROS interfaces[0m
[0.773s] In file included from [01m[K/home/madhav/mrt_ws/build/mrt_interfaces/rosidl_generator_c/mrt_interfaces/msg/detail/custom__functions.h:19[m[K,
[0.773s]                  from [01m[K/home/madhav/mrt_ws/build/mrt_interfaces/rosidl_generator_c/mrt_interfaces/msg/detail/custom__functions.c:4[m[K:
[0.773s] [01m[K/home/madhav/mrt_ws/build/mrt_interfaces/rosidl_generator_c/mrt_interfaces/msg/detail/custom__struct.h:22:10:[m[K [01;31m[Kfatal error: [m[Kgeometry_msgs/msg/detail/point__struct.h: No such file or directory
[0.773s]    22 | #include [01;31m[K"geometry_msgs/msg/detail/point__struct.h"[m[K
[0.773s]       |          [01;31m[K^~~~~~~~~~~~~~~~~~~~~~~~~~~~~~~~~~~~~~~~~~[m[K
[0.773s] compilation terminated.
[0.774s] gmake[2]: *** [CMakeFiles/mrt_interfaces__rosidl_generator_c.dir/build.make:105: CMakeFiles/mrt_interfaces__rosidl_generator_c.dir/rosidl_generator_c/mrt_interfaces/msg/detail/custom__functions.c.o] Error 1
[0.774s] gmake[1]: *** [CMakeFiles/Makefile2:213: CMakeFiles/mrt_interfaces__rosidl_generator_c.dir/all] Error 2
[0.774s] gmake[1]: *** Waiting for unfinished jobs....
[0.859s] running egg_info
[0.860s] writing mrt_interfaces.egg-info/PKG-INFO
[0.860s] writing dependency_links to mrt_interfaces.egg-info/dependency_links.txt
[0.860s] writing top-level names to mrt_interfaces.egg-info/top_level.txt
[0.862s] reading manifest file 'mrt_interfaces.egg-info/SOURCES.txt'
[0.862s] writing manifest file 'mrt_interfaces.egg-info/SOURCES.txt'
[0.886s] [ 19%] Built target ament_cmake_python_build_mrt_interfaces_egg
[0.902s] [35m[1mConsolidate compiler generated dependencies of target mrt_interfaces__rosidl_typesupport_cpp[0m
[0.908s] [35m[1mConsolidate compiler generated dependencies of target mrt_interfaces__rosidl_typesupport_fastrtps_cpp[0m
[0.908s] [ 22%] [32mBuilding CXX object CMakeFiles/mrt_interfaces__rosidl_typesupport_cpp.dir/rosidl_typesupport_cpp/mrt_interfaces/msg/custom__type_support.cpp.o[0m
[0.915s] [ 25%] [32mBuilding CXX object CMakeFiles/mrt_interfaces__rosidl_typesupport_fastrtps_cpp.dir/rosidl_typesupport_fastrtps_cpp/mrt_interfaces/msg/detail/dds_fastrtps/custom__type_support.cpp.o[0m
[0.936s] In file included from [01m[K/home/madhav/mrt_ws/build/mrt_interfaces/rosidl_typesupport_cpp/mrt_interfaces/msg/custom__type_support.cpp:7[m[K:
[0.936s] [01m[K/home/madhav/mrt_ws/build/mrt_interfaces/rosidl_generator_cpp/mrt_interfaces/msg/detail/custom__struct.hpp:20:10:[m[K [01;31m[Kfatal error: [m[Kgeometry_msgs/msg/detail/point__struct.hpp: No such file or directory
[0.936s]    20 | #include [01;31m[K"geometry_msgs/msg/detail/point__struct.hpp"[m[K
[0.936s]       |          [01;31m[K^~~~~~~~~~~~~~~~~~~~~~~~~~~~~~~~~~~~~~~~~~~~[m[K
[0.936s] compilation terminated.
[0.937s] gmake[2]: *** [CMakeFiles/mrt_interfaces__rosidl_typesupport_cpp.dir/build.make:86: CMakeFiles/mrt_interfaces__rosidl_typesupport_cpp.dir/rosidl_typesupport_cpp/mrt_interfaces/msg/custom__type_support.cpp.o] Error 1
[0.937s] gmake[1]: *** [CMakeFiles/Makefile2:395: CMakeFiles/mrt_interfaces__rosidl_typesupport_cpp.dir/all] Error 2
[0.943s] In file included from [01m[K/home/madhav/mrt_ws/build/mrt_interfaces/rosidl_typesupport_fastrtps_cpp/mrt_interfaces/msg/detail/custom__rosidl_typesupport_fastrtps_cpp.hpp:11[m[K,
[0.943s]                  from [01m[K/home/madhav/mrt_ws/build/mrt_interfaces/rosidl_typesupport_fastrtps_cpp/mrt_interfaces/msg/detail/dds_fastrtps/custom__type_support.cpp:4[m[K:
[0.943s] [01m[K/home/madhav/mrt_ws/build/mrt_interfaces/rosidl_generator_cpp/mrt_interfaces/msg/detail/custom__struct.hpp:20:10:[m[K [01;31m[Kfatal error: [m[Kgeometry_msgs/msg/detail/point__struct.hpp: No such file or directory
[0.943s]    20 | #include [01;31m[K"geometry_msgs/msg/detail/point__struct.hpp"[m[K
[0.943s]       |          [01;31m[K^~~~~~~~~~~~~~~~~~~~~~~~~~~~~~~~~~~~~~~~~~~~[m[K
[0.943s] compilation terminated.
[0.944s] gmake[2]: *** [CMakeFiles/mrt_interfaces__rosidl_typesupport_fastrtps_cpp.dir/build.make:91: CMakeFiles/mrt_interfaces__rosidl_typesupport_fastrtps_cpp.dir/rosidl_typesupport_fastrtps_cpp/mrt_interfaces/msg/detail/dds_fastrtps/custom__type_support.cpp.o] Error 1
[0.944s] gmake[1]: *** [CMakeFiles/Makefile2:343: CMakeFiles/mrt_interfaces__rosidl_typesupport_fastrtps_cpp.dir/all] Error 2
[0.968s] [35m[1mConsolidate compiler generated dependencies of target mrt_interfaces__rosidl_typesupport_introspection_cpp[0m
[0.975s] [ 29%] [32mBuilding CXX object CMakeFiles/mrt_interfaces__rosidl_typesupport_introspection_cpp.dir/rosidl_typesupport_introspection_cpp/mrt_interfaces/msg/detail/custom__type_support.cpp.o[0m
[1.007s] In file included from [01m[K/home/madhav/mrt_ws/build/mrt_interfaces/rosidl_typesupport_introspection_cpp/mrt_interfaces/msg/detail/custom__type_support.cpp:12[m[K:
[1.007s] [01m[K/home/madhav/mrt_ws/build/mrt_interfaces/rosidl_generator_cpp/mrt_interfaces/msg/detail/custom__struct.hpp:20:10:[m[K [01;31m[Kfatal error: [m[Kgeometry_msgs/msg/detail/point__struct.hpp: No such file or directory
[1.007s]    20 | #include [01;31m[K"geometry_msgs/msg/detail/point__struct.hpp"[m[K
[1.007s]       |          [01;31m[K^~~~~~~~~~~~~~~~~~~~~~~~~~~~~~~~~~~~~~~~~~~~[m[K
[1.007s] compilation terminated.
[1.008s] gmake[2]: *** [CMakeFiles/mrt_interfaces__rosidl_typesupport_introspection_cpp.dir/build.make:91: CMakeFiles/mrt_interfaces__rosidl_typesupport_introspection_cpp.dir/rosidl_typesupport_introspection_cpp/mrt_interfaces/msg/detail/custom__type_support.cpp.o] Error 1
[1.008s] gmake[1]: *** [CMakeFiles/Makefile2:369: CMakeFiles/mrt_interfaces__rosidl_typesupport_introspection_cpp.dir/all] Error 2
[1.009s] gmake: *** [Makefile:146: all] Error 2
[1.010s] Invoked command in '/home/madhav/mrt_ws/build/mrt_interfaces' returned '2': CMAKE_PREFIX_PATH=/home/madhav/erc_ws/install/week1_tutorials:/home/madhav/erc_ws/install/week0_tutorials:/home/madhav/erc_ws/install/sherlock:/opt/ros/humble /usr/bin/cmake --build /home/madhav/mrt_ws/build/mrt_interfaces -- -j12 -l12
