running egg_info
creating ../../build/madhav_agrawal_assn_2/madhav_agrawal_assn_2.egg-info
writing ../../build/madhav_agrawal_assn_2/madhav_agrawal_assn_2.egg-info/PKG-INFO
writing dependency_links to ../../build/madhav_agrawal_assn_2/madhav_agrawal_assn_2.egg-info/dependency_links.txt
writing entry points to ../../build/madhav_agrawal_assn_2/madhav_agrawal_assn_2.egg-info/entry_points.txt
writing requirements to ../../build/madhav_agrawal_assn_2/madhav_agrawal_assn_2.egg-info/requires.txt
writing top-level names to ../../build/madhav_agrawal_assn_2/madhav_agrawal_assn_2.egg-info/top_level.txt
writing manifest file '../../build/madhav_agrawal_assn_2/madhav_agrawal_assn_2.egg-info/SOURCES.txt'
reading manifest file '../../build/madhav_agrawal_assn_2/madhav_agrawal_assn_2.egg-info/SOURCES.txt'
writing manifest file '../../build/madhav_agrawal_assn_2/madhav_agrawal_assn_2.egg-info/SOURCES.txt'
running build
running build_py
creating /home/madhav/mrt_ws/build/madhav_agrawal_assn_2/build
creating /home/madhav/mrt_ws/build/madhav_agrawal_assn_2/build/lib
creating /home/madhav/mrt_ws/build/madhav_agrawal_assn_2/build/lib/madhav_agrawal_assn_2
copying madhav_agrawal_assn_2/d_rover1.py -> /home/madhav/mrt_ws/build/madhav_agrawal_assn_2/build/lib/madhav_agrawal_assn_2
copying madhav_agrawal_assn_2/__init__.py -> /home/madhav/mrt_ws/build/madhav_agrawal_assn_2/build/lib/madhav_agrawal_assn_2
copying madhav_agrawal_assn_2/d_rover4.py -> /home/madhav/mrt_ws/build/madhav_agrawal_assn_2/build/lib/madhav_agrawal_assn_2
copying madhav_agrawal_assn_2/d_rover2.py -> /home/madhav/mrt_ws/build/madhav_agrawal_assn_2/build/lib/madhav_agrawal_assn_2
copying madhav_agrawal_assn_2/d_rover3.py -> /home/madhav/mrt_ws/build/madhav_agrawal_assn_2/build/lib/madhav_agrawal_assn_2
copying madhav_agrawal_assn_2/basestation.py -> /home/madhav/mrt_ws/build/madhav_agrawal_assn_2/build/lib/madhav_agrawal_assn_2
running install
running install_lib
creating /home/madhav/mrt_ws/install/madhav_agrawal_assn_2/lib/python3.10/site-packages/madhav_agrawal_assn_2
copying /home/madhav/mrt_ws/build/madhav_agrawal_assn_2/build/lib/madhav_agrawal_assn_2/d_rover1.py -> /home/madhav/mrt_ws/install/madhav_agrawal_assn_2/lib/python3.10/site-packages/madhav_agrawal_assn_2
copying /home/madhav/mrt_ws/build/madhav_agrawal_assn_2/build/lib/madhav_agrawal_assn_2/__init__.py -> /home/madhav/mrt_ws/install/madhav_agrawal_assn_2/lib/python3.10/site-packages/madhav_agrawal_assn_2
copying /home/madhav/mrt_ws/build/madhav_agrawal_assn_2/build/lib/madhav_agrawal_assn_2/d_rover4.py -> /home/madhav/mrt_ws/install/madhav_agrawal_assn_2/lib/python3.10/site-packages/madhav_agrawal_assn_2
copying /home/madhav/mrt_ws/build/madhav_agrawal_assn_2/build/lib/madhav_agrawal_assn_2/d_rover2.py -> /home/madhav/mrt_ws/install/madhav_agrawal_assn_2/lib/python3.10/site-packages/madhav_agrawal_assn_2
copying /home/madhav/mrt_ws/build/madhav_agrawal_assn_2/build/lib/madhav_agrawal_assn_2/d_rover3.py -> /home/madhav/mrt_ws/install/madhav_agrawal_assn_2/lib/python3.10/site-packages/madhav_agrawal_assn_2
copying /home/madhav/mrt_ws/build/madhav_agrawal_assn_2/build/lib/madhav_agrawal_assn_2/basestation.py -> /home/madhav/mrt_ws/install/madhav_agrawal_assn_2/lib/python3.10/site-packages/madhav_agrawal_assn_2
byte-compiling /home/madhav/mrt_ws/install/madhav_agrawal_assn_2/lib/python3.10/site-packages/madhav_agrawal_assn_2/d_rover1.py to d_rover1.cpython-310.pyc
byte-compiling /home/madhav/mrt_ws/install/madhav_agrawal_assn_2/lib/python3.10/site-packages/madhav_agrawal_assn_2/__init__.py to __init__.cpython-310.pyc
byte-compiling /home/madhav/mrt_ws/install/madhav_agrawal_assn_2/lib/python3.10/site-packages/madhav_agrawal_assn_2/d_rover4.py to d_rover4.cpython-310.pyc
byte-compiling /home/madhav/mrt_ws/install/madhav_agrawal_assn_2/lib/python3.10/site-packages/madhav_agrawal_assn_2/d_rover2.py to d_rover2.cpython-310.pyc
byte-compiling /home/madhav/mrt_ws/install/madhav_agrawal_assn_2/lib/python3.10/site-packages/madhav_agrawal_assn_2/d_rover3.py to d_rover3.cpython-310.pyc
byte-compiling /home/madhav/mrt_ws/install/madhav_agrawal_assn_2/lib/python3.10/site-packages/madhav_agrawal_assn_2/basestation.py to basestation.cpython-310.pyc
running install_data
creating /home/madhav/mrt_ws/install/madhav_agrawal_assn_2/share/ament_index
creating /home/madhav/mrt_ws/install/madhav_agrawal_assn_2/share/ament_index/resource_index
creating /home/madhav/mrt_ws/install/madhav_agrawal_assn_2/share/ament_index/resource_index/packages
copying resource/madhav_agrawal_assn_2 -> /home/madhav/mrt_ws/install/madhav_agrawal_assn_2/share/ament_index/resource_index/packages
copying package.xml -> /home/madhav/mrt_ws/install/madhav_agrawal_assn_2/share/madhav_agrawal_assn_2
creating /home/madhav/mrt_ws/install/madhav_agrawal_assn_2/share/madhav_agrawal_assn_2/launch
copying launch/launcher.launch.py -> /home/madhav/mrt_ws/install/madhav_agrawal_assn_2/share/madhav_agrawal_assn_2/launch
running install_egg_info
Copying ../../build/madhav_agrawal_assn_2/madhav_agrawal_assn_2.egg-info to /home/madhav/mrt_ws/install/madhav_agrawal_assn_2/lib/python3.10/site-packages/madhav_agrawal_assn_2-0.0.0-py3.10.egg-info
running install_scripts
Installing basestation script to /home/madhav/mrt_ws/install/madhav_agrawal_assn_2/lib/madhav_agrawal_assn_2
Installing d_rover1 script to /home/madhav/mrt_ws/install/madhav_agrawal_assn_2/lib/madhav_agrawal_assn_2
Installing d_rover2 script to /home/madhav/mrt_ws/install/madhav_agrawal_assn_2/lib/madhav_agrawal_assn_2
Installing d_rover3 script to /home/madhav/mrt_ws/install/madhav_agrawal_assn_2/lib/madhav_agrawal_assn_2
Installing d_rover4 script to /home/madhav/mrt_ws/install/madhav_agrawal_assn_2/lib/madhav_agrawal_assn_2
writing list of installed files to '/home/madhav/mrt_ws/build/madhav_agrawal_assn_2/install.log'
