[0.371s] Invoking command in '/home/madhav/mrt_ws/src/madhav_agrawal_assn_2': AMENT_PREFIX_PATH=/home/madhav/mrt_ws/install/mrt_interfaces:${AMENT_PREFIX_PATH} CMAKE_PREFIX_PATH=/home/madhav/mrt_ws/install/mrt_interfaces LD_LIBRARY_PATH=/home/madhav/mrt_ws/install/mrt_interfaces/lib:${LD_LIBRARY_PATH} PYTHONPATH=/home/madhav/mrt_ws/build/madhav_agrawal_assn_2/prefix_override:/home/madhav/mrt_ws/install/madhav_agrawal_assn_2/lib/python3.10/site-packages:/home/madhav/mrt_ws/install/mrt_interfaces/local/lib/python3.10/dist-packages:${PYTHONPATH} /usr/bin/python3 setup.py egg_info --egg-base ../../build/madhav_agrawal_assn_2 build --build-base /home/madhav/mrt_ws/build/madhav_agrawal_assn_2/build install --record /home/madhav/mrt_ws/build/madhav_agrawal_assn_2/install.log --single-version-externally-managed
[0.492s] running egg_info
[0.492s] creating ../../build/madhav_agrawal_assn_2/madhav_agrawal_assn_2.egg-info
[0.493s] writing ../../build/madhav_agrawal_assn_2/madhav_agrawal_assn_2.egg-info/PKG-INFO
[0.493s] writing dependency_links to ../../build/madhav_agrawal_assn_2/madhav_agrawal_assn_2.egg-info/dependency_links.txt
[0.493s] writing entry points to ../../build/madhav_agrawal_assn_2/madhav_agrawal_assn_2.egg-info/entry_points.txt
[0.493s] writing requirements to ../../build/madhav_agrawal_assn_2/madhav_agrawal_assn_2.egg-info/requires.txt
[0.493s] writing top-level names to ../../build/madhav_agrawal_assn_2/madhav_agrawal_assn_2.egg-info/top_level.txt
[0.493s] writing manifest file '../../build/madhav_agrawal_assn_2/madhav_agrawal_assn_2.egg-info/SOURCES.txt'
[0.494s] reading manifest file '../../build/madhav_agrawal_assn_2/madhav_agrawal_assn_2.egg-info/SOURCES.txt'
[0.495s] writing manifest file '../../build/madhav_agrawal_assn_2/madhav_agrawal_assn_2.egg-info/SOURCES.txt'
[0.495s] running build
[0.495s] running build_py
[0.495s] creating /home/madhav/mrt_ws/build/madhav_agrawal_assn_2/build
[0.495s] creating /home/madhav/mrt_ws/build/madhav_agrawal_assn_2/build/lib
[0.495s] creating /home/madhav/mrt_ws/build/madhav_agrawal_assn_2/build/lib/madhav_agrawal_assn_2
[0.495s] copying madhav_agrawal_assn_2/d_rover1.py -> /home/madhav/mrt_ws/build/madhav_agrawal_assn_2/build/lib/madhav_agrawal_assn_2
[0.495s] copying madhav_agrawal_assn_2/__init__.py -> /home/madhav/mrt_ws/build/madhav_agrawal_assn_2/build/lib/madhav_agrawal_assn_2
[0.495s] copying madhav_agrawal_assn_2/d_rover4.py -> /home/madhav/mrt_ws/build/madhav_agrawal_assn_2/build/lib/madhav_agrawal_assn_2
[0.495s] copying madhav_agrawal_assn_2/d_rover2.py -> /home/madhav/mrt_ws/build/madhav_agrawal_assn_2/build/lib/madhav_agrawal_assn_2
[0.495s] copying madhav_agrawal_assn_2/d_rover3.py -> /home/madhav/mrt_ws/build/madhav_agrawal_assn_2/build/lib/madhav_agrawal_assn_2
[0.495s] copying madhav_agrawal_assn_2/basestation.py -> /home/madhav/mrt_ws/build/madhav_agrawal_assn_2/build/lib/madhav_agrawal_assn_2
[0.496s] running install
[0.505s] /usr/lib/python3/dist-packages/setuptools/command/install.py:34: SetuptoolsDeprecationWarning: setup.py install is deprecated. Use build and pip and other standards-based tools.
[0.505s]   warnings.warn(
[0.505s] running install_lib
[0.506s] creating /home/madhav/mrt_ws/install/madhav_agrawal_assn_2/lib/python3.10/site-packages/madhav_agrawal_assn_2
[0.506s] copying /home/madhav/mrt_ws/build/madhav_agrawal_assn_2/build/lib/madhav_agrawal_assn_2/d_rover1.py -> /home/madhav/mrt_ws/install/madhav_agrawal_assn_2/lib/python3.10/site-packages/madhav_agrawal_assn_2
[0.506s] copying /home/madhav/mrt_ws/build/madhav_agrawal_assn_2/build/lib/madhav_agrawal_assn_2/__init__.py -> /home/madhav/mrt_ws/install/madhav_agrawal_assn_2/lib/python3.10/site-packages/madhav_agrawal_assn_2
[0.506s] copying /home/madhav/mrt_ws/build/madhav_agrawal_assn_2/build/lib/madhav_agrawal_assn_2/d_rover4.py -> /home/madhav/mrt_ws/install/madhav_agrawal_assn_2/lib/python3.10/site-packages/madhav_agrawal_assn_2
[0.506s] copying /home/madhav/mrt_ws/build/madhav_agrawal_assn_2/build/lib/madhav_agrawal_assn_2/d_rover2.py -> /home/madhav/mrt_ws/install/madhav_agrawal_assn_2/lib/python3.10/site-packages/madhav_agrawal_assn_2
[0.506s] copying /home/madhav/mrt_ws/build/madhav_agrawal_assn_2/build/lib/madhav_agrawal_assn_2/d_rover3.py -> /home/madhav/mrt_ws/install/madhav_agrawal_assn_2/lib/python3.10/site-packages/madhav_agrawal_assn_2
[0.507s] copying /home/madhav/mrt_ws/build/madhav_agrawal_assn_2/build/lib/madhav_agrawal_assn_2/basestation.py -> /home/madhav/mrt_ws/install/madhav_agrawal_assn_2/lib/python3.10/site-packages/madhav_agrawal_assn_2
[0.507s] byte-compiling /home/madhav/mrt_ws/install/madhav_agrawal_assn_2/lib/python3.10/site-packages/madhav_agrawal_assn_2/d_rover1.py to d_rover1.cpython-310.pyc
[0.507s] byte-compiling /home/madhav/mrt_ws/install/madhav_agrawal_assn_2/lib/python3.10/site-packages/madhav_agrawal_assn_2/__init__.py to __init__.cpython-310.pyc
[0.507s] byte-compiling /home/madhav/mrt_ws/install/madhav_agrawal_assn_2/lib/python3.10/site-packages/madhav_agrawal_assn_2/d_rover4.py to d_rover4.cpython-310.pyc
[0.508s] byte-compiling /home/madhav/mrt_ws/install/madhav_agrawal_assn_2/lib/python3.10/site-packages/madhav_agrawal_assn_2/d_rover2.py to d_rover2.cpython-310.pyc
[0.508s] byte-compiling /home/madhav/mrt_ws/install/madhav_agrawal_assn_2/lib/python3.10/site-packages/madhav_agrawal_assn_2/d_rover3.py to d_rover3.cpython-310.pyc
[0.508s] byte-compiling /home/madhav/mrt_ws/install/madhav_agrawal_assn_2/lib/python3.10/site-packages/madhav_agrawal_assn_2/basestation.py to basestation.cpython-310.pyc
[0.509s] running install_data
[0.509s] creating /home/madhav/mrt_ws/install/madhav_agrawal_assn_2/share/ament_index
[0.510s] creating /home/madhav/mrt_ws/install/madhav_agrawal_assn_2/share/ament_index/resource_index
[0.510s] creating /home/madhav/mrt_ws/install/madhav_agrawal_assn_2/share/ament_index/resource_index/packages
[0.510s] copying resource/madhav_agrawal_assn_2 -> /home/madhav/mrt_ws/install/madhav_agrawal_assn_2/share/ament_index/resource_index/packages
[0.510s] copying package.xml -> /home/madhav/mrt_ws/install/madhav_agrawal_assn_2/share/madhav_agrawal_assn_2
[0.510s] creating /home/madhav/mrt_ws/install/madhav_agrawal_assn_2/share/madhav_agrawal_assn_2/launch
[0.510s] copying launch/launcher.launch.py -> /home/madhav/mrt_ws/install/madhav_agrawal_assn_2/share/madhav_agrawal_assn_2/launch
[0.510s] running install_egg_info
[0.511s] Copying ../../build/madhav_agrawal_assn_2/madhav_agrawal_assn_2.egg-info to /home/madhav/mrt_ws/install/madhav_agrawal_assn_2/lib/python3.10/site-packages/madhav_agrawal_assn_2-0.0.0-py3.10.egg-info
[0.512s] running install_scripts
[0.527s] Installing basestation script to /home/madhav/mrt_ws/install/madhav_agrawal_assn_2/lib/madhav_agrawal_assn_2
[0.527s] Installing d_rover1 script to /home/madhav/mrt_ws/install/madhav_agrawal_assn_2/lib/madhav_agrawal_assn_2
[0.527s] Installing d_rover2 script to /home/madhav/mrt_ws/install/madhav_agrawal_assn_2/lib/madhav_agrawal_assn_2
[0.527s] Installing d_rover3 script to /home/madhav/mrt_ws/install/madhav_agrawal_assn_2/lib/madhav_agrawal_assn_2
[0.527s] Installing d_rover4 script to /home/madhav/mrt_ws/install/madhav_agrawal_assn_2/lib/madhav_agrawal_assn_2
[0.527s] writing list of installed files to '/home/madhav/mrt_ws/build/madhav_agrawal_assn_2/install.log'
[0.541s] Invoked command in '/home/madhav/mrt_ws/src/madhav_agrawal_assn_2' returned '0': AMENT_PREFIX_PATH=/home/madhav/mrt_ws/install/mrt_interfaces:${AMENT_PREFIX_PATH} CMAKE_PREFIX_PATH=/home/madhav/mrt_ws/install/mrt_interfaces LD_LIBRARY_PATH=/home/madhav/mrt_ws/install/mrt_interfaces/lib:${LD_LIBRARY_PATH} PYTHONPATH=/home/madhav/mrt_ws/build/madhav_agrawal_assn_2/prefix_override:/home/madhav/mrt_ws/install/madhav_agrawal_assn_2/lib/python3.10/site-packages:/home/madhav/mrt_ws/install/mrt_interfaces/local/lib/python3.10/dist-packages:${PYTHONPATH} /usr/bin/python3 setup.py egg_info --egg-base ../../build/madhav_agrawal_assn_2 build --build-base /home/madhav/mrt_ws/build/madhav_agrawal_assn_2/build install --record /home/madhav/mrt_ws/build/madhav_agrawal_assn_2/install.log --single-version-externally-managed
