/home/madhav/mrt_ws/install/madhav_agrawal_assn_2/lib/python3.10/site-packages/madhav_agrawal_assn_2/d_rover1.py
/home/madhav/mrt_ws/install/madhav_agrawal_assn_2/lib/python3.10/site-packages/madhav_agrawal_assn_2/__init__.py
/home/madhav/mrt_ws/install/madhav_agrawal_assn_2/lib/python3.10/site-packages/madhav_agrawal_assn_2/d_rover4.py
/home/madhav/mrt_ws/install/madhav_agrawal_assn_2/lib/python3.10/site-packages/madhav_agrawal_assn_2/d_rover2.py
/home/madhav/mrt_ws/install/madhav_agrawal_assn_2/lib/python3.10/site-packages/madhav_agrawal_assn_2/d_rover3.py
/home/madhav/mrt_ws/install/madhav_agrawal_assn_2/lib/python3.10/site-packages/madhav_agrawal_assn_2/basestation.py
/home/madhav/mrt_ws/install/madhav_agrawal_assn_2/lib/python3.10/site-packages/madhav_agrawal_assn_2/__pycache__/d_rover1.cpython-310.pyc
/home/madhav/mrt_ws/install/madhav_agrawal_assn_2/lib/python3.10/site-packages/madhav_agrawal_assn_2/__pycache__/__init__.cpython-310.pyc
/home/madhav/mrt_ws/install/madhav_agrawal_assn_2/lib/python3.10/site-packages/madhav_agrawal_assn_2/__pycache__/d_rover4.cpython-310.pyc
/home/madhav/mrt_ws/install/madhav_agrawal_assn_2/lib/python3.10/site-packages/madhav_agrawal_assn_2/__pycache__/d_rover2.cpython-310.pyc
/home/madhav/mrt_ws/install/madhav_agrawal_assn_2/lib/python3.10/site-packages/madhav_agrawal_assn_2/__pycache__/d_rover3.cpython-310.pyc
/home/madhav/mrt_ws/install/madhav_agrawal_assn_2/lib/python3.10/site-packages/madhav_agrawal_assn_2/__pycache__/basestation.cpython-310.pyc
/home/madhav/mrt_ws/install/madhav_agrawal_assn_2/share/ament_index/resource_index/packages/madhav_agrawal_assn_2
/home/madhav/mrt_ws/install/madhav_agrawal_assn_2/share/madhav_agrawal_assn_2/package.xml
/home/madhav/mrt_ws/install/madhav_agrawal_assn_2/share/madhav_agrawal_assn_2/launch/launcher.launch.py
/home/madhav/mrt_ws/install/madhav_agrawal_assn_2/lib/python3.10/site-packages/madhav_agrawal_assn_2-0.0.0-py3.10.egg-info/requires.txt
/home/madhav/mrt_ws/install/madhav_agrawal_assn_2/lib/python3.10/site-packages/madhav_agrawal_assn_2-0.0.0-py3.10.egg-info/SOURCES.txt
/home/madhav/mrt_ws/install/madhav_agrawal_assn_2/lib/python3.10/site-packages/madhav_agrawal_assn_2-0.0.0-py3.10.egg-info/PKG-INFO
/home/madhav/mrt_ws/install/madhav_agrawal_assn_2/lib/python3.10/site-packages/madhav_agrawal_assn_2-0.0.0-py3.10.egg-info/entry_points.txt
/home/madhav/mrt_ws/install/madhav_agrawal_assn_2/lib/python3.10/site-packages/madhav_agrawal_assn_2-0.0.0-py3.10.egg-info/top_level.txt
/home/madhav/mrt_ws/install/madhav_agrawal_assn_2/lib/python3.10/site-packages/madhav_agrawal_assn_2-0.0.0-py3.10.egg-info/zip-safe
/home/madhav/mrt_ws/install/madhav_agrawal_assn_2/lib/python3.10/site-packages/madhav_agrawal_assn_2-0.0.0-py3.10.egg-info/dependency_links.txt
/home/madhav/mrt_ws/install/madhav_agrawal_assn_2/lib/madhav_agrawal_assn_2/basestation
/home/madhav/mrt_ws/install/madhav_agrawal_assn_2/lib/madhav_agrawal_assn_2/d_rover1
/home/madhav/mrt_ws/install/madhav_agrawal_assn_2/lib/madhav_agrawal_assn_2/d_rover2
/home/madhav/mrt_ws/install/madhav_agrawal_assn_2/lib/madhav_agrawal_assn_2/d_rover3
/home/madhav/mrt_ws/install/madhav_agrawal_assn_2/lib/madhav_agrawal_assn_2/d_rover4
