[0.039s] Invoking command in '/home/madhav/mrt_ws/build/mrt_interfaces': CMAKE_PREFIX_PATH=/home/madhav/erc_ws/install/week1_tutorials:/home/madhav/erc_ws/install/week0_tutorials:/home/madhav/erc_ws/install/sherlock:/opt/ros/humble /usr/bin/cmake --build /home/madhav/mrt_ws/build/mrt_interfaces -- -j12 -l12
[0.060s] [35m[1mConsolidate compiler generated dependencies of target mrt_interfaces__rosidl_generator_c[0m
[0.066s] [  3%] Built target mrt_interfaces__cpp
[0.067s] [ 12%] Built target mrt_interfaces__rosidl_generator_c
[0.073s] [35m[1mConsolidate compiler generated dependencies of target mrt_interfaces__rosidl_typesupport_cpp[0m
[0.073s] [35m[1mConsolidate compiler generated dependencies of target mrt_interfaces__rosidl_typesupport_fastrtps_cpp[0m
[0.076s] [35m[1mConsolidate compiler generated dependencies of target mrt_interfaces__rosidl_typesupport_introspection_cpp[0m
[0.078s] [ 12%] Built target ament_cmake_python_copy_mrt_interfaces
[0.079s] [ 22%] Built target mrt_interfaces__rosidl_typesupport_cpp
[0.080s] [ 32%] Built target mrt_interfaces__rosidl_typesupport_fastrtps_cpp
[0.085s] [35m[1mConsolidate compiler generated dependencies of target mrt_interfaces__rosidl_typesupport_c[0m
[0.085s] [35m[1mConsolidate compiler generated dependencies of target mrt_interfaces__rosidl_typesupport_fastrtps_c[0m
[0.086s] [ 41%] Built target mrt_interfaces__rosidl_typesupport_introspection_cpp
[0.086s] [35m[1mConsolidate compiler generated dependencies of target mrt_interfaces__rosidl_typesupport_introspection_c[0m
[0.093s] [ 58%] Built target mrt_interfaces__rosidl_typesupport_introspection_c
[0.093s] [ 67%] Built target mrt_interfaces__rosidl_typesupport_c
[0.093s] [ 70%] Built target mrt_interfaces__rosidl_typesupport_fastrtps_c
[0.105s] [ 70%] Built target mrt_interfaces
[0.117s] [ 74%] Built target mrt_interfaces__py
[0.123s] [35m[1mConsolidate compiler generated dependencies of target mrt_interfaces__rosidl_generator_py[0m
[0.131s] [ 80%] Built target mrt_interfaces__rosidl_generator_py
[0.138s] [35m[1mConsolidate compiler generated dependencies of target mrt_interfaces__rosidl_typesupport_c__pyext[0m
[0.139s] [35m[1mConsolidate compiler generated dependencies of target mrt_interfaces__rosidl_typesupport_fastrtps_c__pyext[0m
[0.139s] [35m[1mConsolidate compiler generated dependencies of target mrt_interfaces__rosidl_typesupport_introspection_c__pyext[0m
[0.146s] [ 87%] Built target mrt_interfaces__rosidl_typesupport_c__pyext
[0.150s] [ 93%] Built target mrt_interfaces__rosidl_typesupport_introspection_c__pyext
[0.150s] [100%] Built target mrt_interfaces__rosidl_typesupport_fastrtps_c__pyext
[0.216s] running egg_info
[0.217s] writing mrt_interfaces.egg-info/PKG-INFO
[0.217s] writing dependency_links to mrt_interfaces.egg-info/dependency_links.txt
[0.217s] writing top-level names to mrt_interfaces.egg-info/top_level.txt
[0.218s] reading manifest file 'mrt_interfaces.egg-info/SOURCES.txt'
[0.218s] writing manifest file 'mrt_interfaces.egg-info/SOURCES.txt'
[0.234s] [100%] Built target ament_cmake_python_build_mrt_interfaces_egg
[0.241s] Invoked command in '/home/madhav/mrt_ws/build/mrt_interfaces' returned '0': CMAKE_PREFIX_PATH=/home/madhav/erc_ws/install/week1_tutorials:/home/madhav/erc_ws/install/week0_tutorials:/home/madhav/erc_ws/install/sherlock:/opt/ros/humble /usr/bin/cmake --build /home/madhav/mrt_ws/build/mrt_interfaces -- -j12 -l12
[0.273s] Invoking command in '/home/madhav/mrt_ws/build/mrt_interfaces': CMAKE_PREFIX_PATH=/home/madhav/erc_ws/install/week1_tutorials:/home/madhav/erc_ws/install/week0_tutorials:/home/madhav/erc_ws/install/sherlock:/opt/ros/humble /usr/bin/cmake --install /home/madhav/mrt_ws/build/mrt_interfaces
[0.277s] -- Install configuration: ""
[0.278s] -- Up-to-date: /home/madhav/mrt_ws/install/mrt_interfaces/share/ament_index/resource_index/rosidl_interfaces/mrt_interfaces
[0.278s] -- Up-to-date: /home/madhav/mrt_ws/install/mrt_interfaces/include/mrt_interfaces/mrt_interfaces
[0.278s] -- Up-to-date: /home/madhav/mrt_ws/install/mrt_interfaces/include/mrt_interfaces/mrt_interfaces/msg
[0.278s] -- Up-to-date: /home/madhav/mrt_ws/install/mrt_interfaces/include/mrt_interfaces/mrt_interfaces/msg/rosidl_generator_c__visibility_control.h
[0.278s] -- Up-to-date: /home/madhav/mrt_ws/install/mrt_interfaces/include/mrt_interfaces/mrt_interfaces/msg/detail
[0.278s] -- Up-to-date: /home/madhav/mrt_ws/install/mrt_interfaces/include/mrt_interfaces/mrt_interfaces/msg/detail/custom__functions.c
[0.278s] -- Up-to-date: /home/madhav/mrt_ws/install/mrt_interfaces/include/mrt_interfaces/mrt_interfaces/msg/detail/custom__type_support.h
[0.278s] -- Up-to-date: /home/madhav/mrt_ws/install/mrt_interfaces/include/mrt_interfaces/mrt_interfaces/msg/detail/custom__functions.h
[0.278s] -- Up-to-date: /home/madhav/mrt_ws/install/mrt_interfaces/include/mrt_interfaces/mrt_interfaces/msg/detail/custom__struct.h
[0.278s] -- Up-to-date: /home/madhav/mrt_ws/install/mrt_interfaces/include/mrt_interfaces/mrt_interfaces/msg/custom.h
[0.279s] -- Up-to-date: /home/madhav/mrt_ws/install/mrt_interfaces/share/mrt_interfaces/environment/library_path.sh
[0.279s] -- Up-to-date: /home/madhav/mrt_ws/install/mrt_interfaces/share/mrt_interfaces/environment/library_path.dsv
[0.279s] -- Up-to-date: /home/madhav/mrt_ws/install/mrt_interfaces/lib/libmrt_interfaces__rosidl_generator_c.so
[0.279s] -- Up-to-date: /home/madhav/mrt_ws/install/mrt_interfaces/include/mrt_interfaces/mrt_interfaces
[0.279s] -- Up-to-date: /home/madhav/mrt_ws/install/mrt_interfaces/include/mrt_interfaces/mrt_interfaces/msg
[0.279s] -- Up-to-date: /home/madhav/mrt_ws/install/mrt_interfaces/include/mrt_interfaces/mrt_interfaces/msg/detail
[0.279s] -- Up-to-date: /home/madhav/mrt_ws/install/mrt_interfaces/include/mrt_interfaces/mrt_interfaces/msg/detail/custom__rosidl_typesupport_fastrtps_c.h
[0.279s] -- Up-to-date: /home/madhav/mrt_ws/install/mrt_interfaces/include/mrt_interfaces/mrt_interfaces/msg/rosidl_typesupport_fastrtps_c__visibility_control.h
[0.279s] -- Up-to-date: /home/madhav/mrt_ws/install/mrt_interfaces/lib/libmrt_interfaces__rosidl_typesupport_fastrtps_c.so
[0.279s] -- Up-to-date: /home/madhav/mrt_ws/install/mrt_interfaces/include/mrt_interfaces/mrt_interfaces
[0.279s] -- Up-to-date: /home/madhav/mrt_ws/install/mrt_interfaces/include/mrt_interfaces/mrt_interfaces/msg
[0.279s] -- Up-to-date: /home/madhav/mrt_ws/install/mrt_interfaces/include/mrt_interfaces/mrt_interfaces/msg/detail
[0.279s] -- Up-to-date: /home/madhav/mrt_ws/install/mrt_interfaces/include/mrt_interfaces/mrt_interfaces/msg/detail/custom__rosidl_typesupport_introspection_c.h
[0.279s] -- Up-to-date: /home/madhav/mrt_ws/install/mrt_interfaces/include/mrt_interfaces/mrt_interfaces/msg/detail/custom__type_support.c
[0.279s] -- Up-to-date: /home/madhav/mrt_ws/install/mrt_interfaces/include/mrt_interfaces/mrt_interfaces/msg/rosidl_typesupport_introspection_c__visibility_control.h
[0.280s] -- Up-to-date: /home/madhav/mrt_ws/install/mrt_interfaces/lib/libmrt_interfaces__rosidl_typesupport_introspection_c.so
[0.280s] -- Up-to-date: /home/madhav/mrt_ws/install/mrt_interfaces/lib/libmrt_interfaces__rosidl_typesupport_c.so
[0.280s] -- Up-to-date: /home/madhav/mrt_ws/install/mrt_interfaces/include/mrt_interfaces/mrt_interfaces
[0.280s] -- Up-to-date: /home/madhav/mrt_ws/install/mrt_interfaces/include/mrt_interfaces/mrt_interfaces/msg
[0.280s] -- Up-to-date: /home/madhav/mrt_ws/install/mrt_interfaces/include/mrt_interfaces/mrt_interfaces/msg/detail
[0.280s] -- Up-to-date: /home/madhav/mrt_ws/install/mrt_interfaces/include/mrt_interfaces/mrt_interfaces/msg/detail/custom__traits.hpp
[0.280s] -- Up-to-date: /home/madhav/mrt_ws/install/mrt_interfaces/include/mrt_interfaces/mrt_interfaces/msg/detail/custom__builder.hpp
[0.280s] -- Up-to-date: /home/madhav/mrt_ws/install/mrt_interfaces/include/mrt_interfaces/mrt_interfaces/msg/detail/custom__struct.hpp
[0.280s] -- Up-to-date: /home/madhav/mrt_ws/install/mrt_interfaces/include/mrt_interfaces/mrt_interfaces/msg/custom.hpp
[0.280s] -- Up-to-date: /home/madhav/mrt_ws/install/mrt_interfaces/include/mrt_interfaces/mrt_interfaces
[0.280s] -- Up-to-date: /home/madhav/mrt_ws/install/mrt_interfaces/include/mrt_interfaces/mrt_interfaces/msg
[0.280s] -- Up-to-date: /home/madhav/mrt_ws/install/mrt_interfaces/include/mrt_interfaces/mrt_interfaces/msg/detail
[0.280s] -- Up-to-date: /home/madhav/mrt_ws/install/mrt_interfaces/include/mrt_interfaces/mrt_interfaces/msg/detail/custom__rosidl_typesupport_fastrtps_cpp.hpp
[0.280s] -- Up-to-date: /home/madhav/mrt_ws/install/mrt_interfaces/include/mrt_interfaces/mrt_interfaces/msg/detail/dds_fastrtps
[0.280s] -- Up-to-date: /home/madhav/mrt_ws/install/mrt_interfaces/include/mrt_interfaces/mrt_interfaces/msg/rosidl_typesupport_fastrtps_cpp__visibility_control.h
[0.280s] -- Up-to-date: /home/madhav/mrt_ws/install/mrt_interfaces/lib/libmrt_interfaces__rosidl_typesupport_fastrtps_cpp.so
[0.281s] -- Up-to-date: /home/madhav/mrt_ws/install/mrt_interfaces/include/mrt_interfaces/mrt_interfaces
[0.281s] -- Up-to-date: /home/madhav/mrt_ws/install/mrt_interfaces/include/mrt_interfaces/mrt_interfaces/msg
[0.281s] -- Up-to-date: /home/madhav/mrt_ws/install/mrt_interfaces/include/mrt_interfaces/mrt_interfaces/msg/detail
[0.281s] -- Up-to-date: /home/madhav/mrt_ws/install/mrt_interfaces/include/mrt_interfaces/mrt_interfaces/msg/detail/custom__type_support.cpp
[0.281s] -- Up-to-date: /home/madhav/mrt_ws/install/mrt_interfaces/include/mrt_interfaces/mrt_interfaces/msg/detail/custom__rosidl_typesupport_introspection_cpp.hpp
[0.281s] -- Up-to-date: /home/madhav/mrt_ws/install/mrt_interfaces/lib/libmrt_interfaces__rosidl_typesupport_introspection_cpp.so
[0.281s] -- Up-to-date: /home/madhav/mrt_ws/install/mrt_interfaces/lib/libmrt_interfaces__rosidl_typesupport_cpp.so
[0.281s] -- Up-to-date: /home/madhav/mrt_ws/install/mrt_interfaces/share/mrt_interfaces/environment/pythonpath.sh
[0.281s] -- Up-to-date: /home/madhav/mrt_ws/install/mrt_interfaces/share/mrt_interfaces/environment/pythonpath.dsv
[0.281s] -- Up-to-date: /home/madhav/mrt_ws/install/mrt_interfaces/local/lib/python3.10/dist-packages/mrt_interfaces-0.0.0-py3.10.egg-info
[0.281s] -- Installing: /home/madhav/mrt_ws/install/mrt_interfaces/local/lib/python3.10/dist-packages/mrt_interfaces-0.0.0-py3.10.egg-info/SOURCES.txt
[0.281s] -- Installing: /home/madhav/mrt_ws/install/mrt_interfaces/local/lib/python3.10/dist-packages/mrt_interfaces-0.0.0-py3.10.egg-info/PKG-INFO
[0.281s] -- Installing: /home/madhav/mrt_ws/install/mrt_interfaces/local/lib/python3.10/dist-packages/mrt_interfaces-0.0.0-py3.10.egg-info/top_level.txt
[0.281s] -- Installing: /home/madhav/mrt_ws/install/mrt_interfaces/local/lib/python3.10/dist-packages/mrt_interfaces-0.0.0-py3.10.egg-info/dependency_links.txt
[0.281s] -- Up-to-date: /home/madhav/mrt_ws/install/mrt_interfaces/local/lib/python3.10/dist-packages/mrt_interfaces
[0.281s] -- Up-to-date: /home/madhav/mrt_ws/install/mrt_interfaces/local/lib/python3.10/dist-packages/mrt_interfaces/msg
[0.281s] -- Up-to-date: /home/madhav/mrt_ws/install/mrt_interfaces/local/lib/python3.10/dist-packages/mrt_interfaces/msg/_custom.py
[0.281s] -- Up-to-date: /home/madhav/mrt_ws/install/mrt_interfaces/local/lib/python3.10/dist-packages/mrt_interfaces/msg/__init__.py
[0.281s] -- Up-to-date: /home/madhav/mrt_ws/install/mrt_interfaces/local/lib/python3.10/dist-packages/mrt_interfaces/msg/_custom_s.c
[0.281s] -- Up-to-date: /home/madhav/mrt_ws/install/mrt_interfaces/local/lib/python3.10/dist-packages/mrt_interfaces/__init__.py
[0.281s] -- Up-to-date: /home/madhav/mrt_ws/install/mrt_interfaces/local/lib/python3.10/dist-packages/mrt_interfaces/mrt_interfaces_s__rosidl_typesupport_fastrtps_c.cpython-310-x86_64-linux-gnu.so
[0.281s] -- Up-to-date: /home/madhav/mrt_ws/install/mrt_interfaces/local/lib/python3.10/dist-packages/mrt_interfaces/_mrt_interfaces_s.ep.rosidl_typesupport_introspection_c.c
[0.281s] -- Up-to-date: /home/madhav/mrt_ws/install/mrt_interfaces/local/lib/python3.10/dist-packages/mrt_interfaces/mrt_interfaces_s__rosidl_typesupport_introspection_c.cpython-310-x86_64-linux-gnu.so
[0.281s] -- Up-to-date: /home/madhav/mrt_ws/install/mrt_interfaces/local/lib/python3.10/dist-packages/mrt_interfaces/mrt_interfaces_s__rosidl_typesupport_c.cpython-310-x86_64-linux-gnu.so
[0.281s] -- Up-to-date: /home/madhav/mrt_ws/install/mrt_interfaces/local/lib/python3.10/dist-packages/mrt_interfaces/_mrt_interfaces_s.ep.rosidl_typesupport_fastrtps_c.c
[0.281s] -- Up-to-date: /home/madhav/mrt_ws/install/mrt_interfaces/local/lib/python3.10/dist-packages/mrt_interfaces/libmrt_interfaces__rosidl_generator_py.so
[0.281s] -- Up-to-date: /home/madhav/mrt_ws/install/mrt_interfaces/local/lib/python3.10/dist-packages/mrt_interfaces/_mrt_interfaces_s.ep.rosidl_typesupport_c.c
[0.297s] Listing '/home/madhav/mrt_ws/install/mrt_interfaces/local/lib/python3.10/dist-packages/mrt_interfaces'...
[0.297s] Listing '/home/madhav/mrt_ws/install/mrt_interfaces/local/lib/python3.10/dist-packages/mrt_interfaces/msg'...
[0.300s] -- Up-to-date: /home/madhav/mrt_ws/install/mrt_interfaces/local/lib/python3.10/dist-packages/mrt_interfaces/mrt_interfaces_s__rosidl_typesupport_fastrtps_c.cpython-310-x86_64-linux-gnu.so
[0.300s] -- Up-to-date: /home/madhav/mrt_ws/install/mrt_interfaces/local/lib/python3.10/dist-packages/mrt_interfaces/mrt_interfaces_s__rosidl_typesupport_introspection_c.cpython-310-x86_64-linux-gnu.so
[0.300s] -- Up-to-date: /home/madhav/mrt_ws/install/mrt_interfaces/local/lib/python3.10/dist-packages/mrt_interfaces/mrt_interfaces_s__rosidl_typesupport_c.cpython-310-x86_64-linux-gnu.so
[0.300s] -- Up-to-date: /home/madhav/mrt_ws/install/mrt_interfaces/lib/libmrt_interfaces__rosidl_generator_py.so
[0.300s] -- Up-to-date: /home/madhav/mrt_ws/install/mrt_interfaces/share/mrt_interfaces/msg/Custom.idl
[0.301s] -- Up-to-date: /home/madhav/mrt_ws/install/mrt_interfaces/share/mrt_interfaces/msg/Custom.msg
[0.301s] -- Up-to-date: /home/madhav/mrt_ws/install/mrt_interfaces/share/ament_index/resource_index/package_run_dependencies/mrt_interfaces
[0.301s] -- Up-to-date: /home/madhav/mrt_ws/install/mrt_interfaces/share/ament_index/resource_index/parent_prefix_path/mrt_interfaces
[0.301s] -- Up-to-date: /home/madhav/mrt_ws/install/mrt_interfaces/share/mrt_interfaces/environment/ament_prefix_path.sh
[0.301s] -- Up-to-date: /home/madhav/mrt_ws/install/mrt_interfaces/share/mrt_interfaces/environment/ament_prefix_path.dsv
[0.301s] -- Up-to-date: /home/madhav/mrt_ws/install/mrt_interfaces/share/mrt_interfaces/environment/path.sh
[0.301s] -- Up-to-date: /home/madhav/mrt_ws/install/mrt_interfaces/share/mrt_interfaces/environment/path.dsv
[0.301s] -- Up-to-date: /home/madhav/mrt_ws/install/mrt_interfaces/share/mrt_interfaces/local_setup.bash
[0.301s] -- Up-to-date: /home/madhav/mrt_ws/install/mrt_interfaces/share/mrt_interfaces/local_setup.sh
[0.301s] -- Up-to-date: /home/madhav/mrt_ws/install/mrt_interfaces/share/mrt_interfaces/local_setup.zsh
[0.301s] -- Up-to-date: /home/madhav/mrt_ws/install/mrt_interfaces/share/mrt_interfaces/local_setup.dsv
[0.301s] -- Installing: /home/madhav/mrt_ws/install/mrt_interfaces/share/mrt_interfaces/package.dsv
[0.301s] -- Up-to-date: /home/madhav/mrt_ws/install/mrt_interfaces/share/ament_index/resource_index/packages/mrt_interfaces
[0.302s] -- Up-to-date: /home/madhav/mrt_ws/install/mrt_interfaces/share/mrt_interfaces/cmake/export_mrt_interfaces__rosidl_generator_cExport.cmake
[0.302s] -- Up-to-date: /home/madhav/mrt_ws/install/mrt_interfaces/share/mrt_interfaces/cmake/export_mrt_interfaces__rosidl_generator_cExport-noconfig.cmake
[0.302s] -- Up-to-date: /home/madhav/mrt_ws/install/mrt_interfaces/share/mrt_interfaces/cmake/export_mrt_interfaces__rosidl_typesupport_fastrtps_cExport.cmake
[0.302s] -- Up-to-date: /home/madhav/mrt_ws/install/mrt_interfaces/share/mrt_interfaces/cmake/export_mrt_interfaces__rosidl_typesupport_fastrtps_cExport-noconfig.cmake
[0.302s] -- Up-to-date: /home/madhav/mrt_ws/install/mrt_interfaces/share/mrt_interfaces/cmake/mrt_interfaces__rosidl_typesupport_introspection_cExport.cmake
[0.302s] -- Up-to-date: /home/madhav/mrt_ws/install/mrt_interfaces/share/mrt_interfaces/cmake/mrt_interfaces__rosidl_typesupport_introspection_cExport-noconfig.cmake
[0.302s] -- Up-to-date: /home/madhav/mrt_ws/install/mrt_interfaces/share/mrt_interfaces/cmake/mrt_interfaces__rosidl_typesupport_cExport.cmake
[0.302s] -- Up-to-date: /home/madhav/mrt_ws/install/mrt_interfaces/share/mrt_interfaces/cmake/mrt_interfaces__rosidl_typesupport_cExport-noconfig.cmake
[0.302s] -- Up-to-date: /home/madhav/mrt_ws/install/mrt_interfaces/share/mrt_interfaces/cmake/export_mrt_interfaces__rosidl_generator_cppExport.cmake
[0.302s] -- Up-to-date: /home/madhav/mrt_ws/install/mrt_interfaces/share/mrt_interfaces/cmake/export_mrt_interfaces__rosidl_typesupport_fastrtps_cppExport.cmake
[0.302s] -- Up-to-date: /home/madhav/mrt_ws/install/mrt_interfaces/share/mrt_interfaces/cmake/export_mrt_interfaces__rosidl_typesupport_fastrtps_cppExport-noconfig.cmake
[0.303s] -- Up-to-date: /home/madhav/mrt_ws/install/mrt_interfaces/share/mrt_interfaces/cmake/mrt_interfaces__rosidl_typesupport_introspection_cppExport.cmake
[0.303s] -- Up-to-date: /home/madhav/mrt_ws/install/mrt_interfaces/share/mrt_interfaces/cmake/mrt_interfaces__rosidl_typesupport_introspection_cppExport-noconfig.cmake
[0.303s] -- Up-to-date: /home/madhav/mrt_ws/install/mrt_interfaces/share/mrt_interfaces/cmake/mrt_interfaces__rosidl_typesupport_cppExport.cmake
[0.303s] -- Up-to-date: /home/madhav/mrt_ws/install/mrt_interfaces/share/mrt_interfaces/cmake/mrt_interfaces__rosidl_typesupport_cppExport-noconfig.cmake
[0.303s] -- Up-to-date: /home/madhav/mrt_ws/install/mrt_interfaces/share/mrt_interfaces/cmake/export_mrt_interfaces__rosidl_generator_pyExport.cmake
[0.303s] -- Up-to-date: /home/madhav/mrt_ws/install/mrt_interfaces/share/mrt_interfaces/cmake/export_mrt_interfaces__rosidl_generator_pyExport-noconfig.cmake
[0.303s] -- Up-to-date: /home/madhav/mrt_ws/install/mrt_interfaces/share/mrt_interfaces/cmake/rosidl_cmake-extras.cmake
[0.303s] -- Up-to-date: /home/madhav/mrt_ws/install/mrt_interfaces/share/mrt_interfaces/cmake/ament_cmake_export_dependencies-extras.cmake
[0.303s] -- Up-to-date: /home/madhav/mrt_ws/install/mrt_interfaces/share/mrt_interfaces/cmake/ament_cmake_export_include_directories-extras.cmake
[0.303s] -- Up-to-date: /home/madhav/mrt_ws/install/mrt_interfaces/share/mrt_interfaces/cmake/ament_cmake_export_libraries-extras.cmake
[0.304s] -- Up-to-date: /home/madhav/mrt_ws/install/mrt_interfaces/share/mrt_interfaces/cmake/ament_cmake_export_targets-extras.cmake
[0.304s] -- Up-to-date: /home/madhav/mrt_ws/install/mrt_interfaces/share/mrt_interfaces/cmake/rosidl_cmake_export_typesupport_targets-extras.cmake
[0.304s] -- Up-to-date: /home/madhav/mrt_ws/install/mrt_interfaces/share/mrt_interfaces/cmake/rosidl_cmake_export_typesupport_libraries-extras.cmake
[0.304s] -- Up-to-date: /home/madhav/mrt_ws/install/mrt_interfaces/share/mrt_interfaces/cmake/mrt_interfacesConfig.cmake
[0.304s] -- Up-to-date: /home/madhav/mrt_ws/install/mrt_interfaces/share/mrt_interfaces/cmake/mrt_interfacesConfig-version.cmake
[0.304s] -- Up-to-date: /home/madhav/mrt_ws/install/mrt_interfaces/share/mrt_interfaces/package.xml
[0.304s] Invoked command in '/home/madhav/mrt_ws/build/mrt_interfaces' returned '0': CMAKE_PREFIX_PATH=/home/madhav/erc_ws/install/week1_tutorials:/home/madhav/erc_ws/install/week0_tutorials:/home/madhav/erc_ws/install/sherlock:/opt/ros/humble /usr/bin/cmake --install /home/madhav/mrt_ws/build/mrt_interfaces
