[0.038s] Invoking command in '/home/madhav/mrt_ws/build/mrt_interfaces': /usr/bin/cmake --build /home/madhav/mrt_ws/build/mrt_interfaces -- -j12 -l12
[0.053s] -- Found ament_cmake: 1.3.6 (/opt/ros/humble/share/ament_cmake/cmake)
[0.135s] -- Found rosidl_default_generators: 1.2.0 (/opt/ros/humble/share/rosidl_default_generators/cmake)
[0.136s] -- Using all available rosidl_typesupport_c: rosidl_typesupport_fastrtps_c;rosidl_typesupport_introspection_c
[0.138s] -- Found rosidl_adapter: 3.1.5 (/opt/ros/humble/share/rosidl_adapter/cmake)
[0.155s] -- Using all available rosidl_typesupport_cpp: rosidl_typesupport_fastrtps_cpp;rosidl_typesupport_introspection_cpp
[0.169s] -- Found geometry_msgs: 4.2.3 (/opt/ros/humble/share/geometry_msgs/cmake)
[0.335s] Error parsing '/home/madhav/mrt_ws/src/mrt_interfaces/package.xml':
[0.367s] Traceback (most recent call last):
[0.367s]   File "/opt/ros/humble/share/ament_cmake_core/cmake/core/package_xml_2_cmake.py", line 150, in <module>
[0.367s]     main()
[0.367s]   File "/opt/ros/humble/share/ament_cmake_core/cmake/core/package_xml_2_cmake.py", line 53, in main
[0.367s]     raise e
[0.367s]   File "/opt/ros/humble/share/ament_cmake_core/cmake/core/package_xml_2_cmake.py", line 49, in main
[0.367s]     package = parse_package_string(
[0.367s]   File "/usr/lib/python3/dist-packages/catkin_pkg/package.py", line 786, in parse_package_string
[0.367s]     raise InvalidPackage('Error(s):%s' % (''.join(['\n- %s' % e for e in errors])), filename)
[0.367s] catkin_pkg.package.InvalidPackage: Error(s) in package '/home/madhav/mrt_ws/src/mrt_interfaces/package.xml':
[0.367s] Error(s):
[0.368s] - The generic dependency on 'geometry_msgs' is redundant with: exec_depend
[0.376s] [31mCMake Error at /opt/ros/humble/share/ament_cmake_core/cmake/core/ament_package_xml.cmake:95 (message):
[0.377s]   execute_process(/usr/bin/python3.10
[0.377s]   /opt/ros/humble/share/ament_cmake_core/cmake/core/package_xml_2_cmake.py
[0.377s]   /home/madhav/mrt_ws/src/mrt_interfaces/package.xml
[0.377s]   /home/madhav/mrt_ws/build/mrt_interfaces/ament_cmake_core/package.cmake)
[0.377s]   returned error code 1
[0.377s] Call Stack (most recent call first):
[0.377s]   /opt/ros/humble/share/ament_cmake_core/cmake/core/ament_package_xml.cmake:49 (_ament_package_xml)
[0.377s]   /opt/ros/humble/share/rosidl_cmake/cmake/rosidl_generate_interfaces.cmake:226 (ament_package_xml)
[0.377s]   CMakeLists.txt:16 (rosidl_generate_interfaces)
[0.377s] 
[0.377s] [0m
[0.377s] -- Configuring incomplete, errors occurred!
[0.377s] See also "/home/madhav/mrt_ws/build/mrt_interfaces/CMakeFiles/CMakeOutput.log".
[0.381s] gmake: *** [Makefile:747: cmake_check_build_system] Error 1
[0.383s] Invoked command in '/home/madhav/mrt_ws/build/mrt_interfaces' returned '2': /usr/bin/cmake --build /home/madhav/mrt_ws/build/mrt_interfaces -- -j12 -l12
