[0.447s] DEBUG:colcon:Command line arguments: ['/usr/bin/colcon', 'build']
[0.447s] DEBUG:colcon:Parsed command line arguments: Namespace(log_base=None, log_level=None, verb_name='build', build_base='build', install_base='install', merge_install=False, symlink_install=False, test_result_base=None, continue_on_error=False, executor='parallel', parallel_workers=12, event_handlers=None, ignore_user_meta=False, metas=['./colcon.meta'], base_paths=['.'], packages_ignore=None, packages_ignore_regex=None, paths=None, packages_up_to=None, packages_up_to_regex=None, packages_above=None, packages_above_and_dependencies=None, packages_above_depth=None, packages_select_by_dep=None, packages_skip_by_dep=None, packages_skip_up_to=None, packages_select_build_failed=False, packages_skip_build_finished=False, packages_select_test_failures=False, packages_skip_test_passed=False, packages_select=None, packages_skip=None, packages_select_regex=None, packages_skip_regex=None, packages_start=None, packages_end=None, allow_overriding=[], cmake_args=None, cmake_target=None, cmake_target_skip_unavailable=False, cmake_clean_cache=False, cmake_clean_first=False, cmake_force_configure=False, ament_cmake_args=None, catkin_cmake_args=None, catkin_skip_building_tests=False, verb_parser=<colcon_defaults.argument_parser.defaults.DefaultArgumentsDecorator object at 0x7f6482f64040>, verb_extension=<colcon_core.verb.build.BuildVerb object at 0x7f6483d827a0>, main=<bound method BuildVerb.main of <colcon_core.verb.build.BuildVerb object at 0x7f6483d827a0>>)
[0.469s] Level 1:colcon.colcon_core.package_discovery:discover_packages(colcon_meta) check parameters
[0.469s] Level 1:colcon.colcon_core.package_discovery:discover_packages(recursive) check parameters
[0.469s] Level 1:colcon.colcon_core.package_discovery:discover_packages(ignore) check parameters
[0.469s] Level 1:colcon.colcon_core.package_discovery:discover_packages(path) check parameters
[0.469s] Level 1:colcon.colcon_core.package_discovery:discover_packages(colcon_meta) discover
[0.469s] Level 1:colcon.colcon_core.package_discovery:discover_packages(recursive) discover
[0.469s] INFO:colcon.colcon_core.package_discovery:Crawling recursively for packages in '/home/madhav/mrt_ws'
[0.470s] Level 1:colcon.colcon_core.package_identification:_identify(.) by extensions ['ignore', 'ignore_ament_install']
[0.470s] Level 1:colcon.colcon_core.package_identification:_identify(.) by extension 'ignore'
[0.470s] Level 1:colcon.colcon_core.package_identification:_identify(.) by extension 'ignore_ament_install'
[0.470s] Level 1:colcon.colcon_core.package_identification:_identify(.) by extensions ['colcon_pkg']
[0.470s] Level 1:colcon.colcon_core.package_identification:_identify(.) by extension 'colcon_pkg'
[0.470s] Level 1:colcon.colcon_core.package_identification:_identify(.) by extensions ['colcon_meta']
[0.470s] Level 1:colcon.colcon_core.package_identification:_identify(.) by extension 'colcon_meta'
[0.470s] Level 1:colcon.colcon_core.package_identification:_identify(.) by extensions ['ros']
[0.470s] Level 1:colcon.colcon_core.package_identification:_identify(.) by extension 'ros'
[0.476s] Level 1:colcon.colcon_core.package_identification:_identify(.) by extensions ['cmake', 'python']
[0.476s] Level 1:colcon.colcon_core.package_identification:_identify(.) by extension 'cmake'
[0.476s] Level 1:colcon.colcon_core.package_identification:_identify(.) by extension 'python'
[0.476s] Level 1:colcon.colcon_core.package_identification:_identify(.) by extensions ['python_setup_py']
[0.476s] Level 1:colcon.colcon_core.package_identification:_identify(.) by extension 'python_setup_py'
[0.476s] Level 1:colcon.colcon_core.package_identification:_identify(build) by extensions ['ignore', 'ignore_ament_install']
[0.476s] Level 1:colcon.colcon_core.package_identification:_identify(build) by extension 'ignore'
[0.477s] Level 1:colcon.colcon_core.package_identification:_identify(build) ignored
[0.477s] Level 1:colcon.colcon_core.package_identification:_identify(install) by extensions ['ignore', 'ignore_ament_install']
[0.477s] Level 1:colcon.colcon_core.package_identification:_identify(install) by extension 'ignore'
[0.477s] Level 1:colcon.colcon_core.package_identification:_identify(install) ignored
[0.477s] Level 1:colcon.colcon_core.package_identification:_identify(log) by extensions ['ignore', 'ignore_ament_install']
[0.477s] Level 1:colcon.colcon_core.package_identification:_identify(log) by extension 'ignore'
[0.477s] Level 1:colcon.colcon_core.package_identification:_identify(log) ignored
[0.477s] Level 1:colcon.colcon_core.package_identification:_identify(src) by extensions ['ignore', 'ignore_ament_install']
[0.477s] Level 1:colcon.colcon_core.package_identification:_identify(src) by extension 'ignore'
[0.477s] Level 1:colcon.colcon_core.package_identification:_identify(src) by extension 'ignore_ament_install'
[0.477s] Level 1:colcon.colcon_core.package_identification:_identify(src) by extensions ['colcon_pkg']
[0.477s] Level 1:colcon.colcon_core.package_identification:_identify(src) by extension 'colcon_pkg'
[0.477s] Level 1:colcon.colcon_core.package_identification:_identify(src) by extensions ['colcon_meta']
[0.477s] Level 1:colcon.colcon_core.package_identification:_identify(src) by extension 'colcon_meta'
[0.477s] Level 1:colcon.colcon_core.package_identification:_identify(src) by extensions ['ros']
[0.477s] Level 1:colcon.colcon_core.package_identification:_identify(src) by extension 'ros'
[0.477s] Level 1:colcon.colcon_core.package_identification:_identify(src) by extensions ['cmake', 'python']
[0.477s] Level 1:colcon.colcon_core.package_identification:_identify(src) by extension 'cmake'
[0.477s] Level 1:colcon.colcon_core.package_identification:_identify(src) by extension 'python'
[0.477s] Level 1:colcon.colcon_core.package_identification:_identify(src) by extensions ['python_setup_py']
[0.477s] Level 1:colcon.colcon_core.package_identification:_identify(src) by extension 'python_setup_py'
[0.477s] Level 1:colcon.colcon_core.package_identification:_identify(src/madhav_agrawal_assn_2) by extensions ['ignore', 'ignore_ament_install']
[0.477s] Level 1:colcon.colcon_core.package_identification:_identify(src/madhav_agrawal_assn_2) by extension 'ignore'
[0.477s] Level 1:colcon.colcon_core.package_identification:_identify(src/madhav_agrawal_assn_2) by extension 'ignore_ament_install'
[0.477s] Level 1:colcon.colcon_core.package_identification:_identify(src/madhav_agrawal_assn_2) by extensions ['colcon_pkg']
[0.477s] Level 1:colcon.colcon_core.package_identification:_identify(src/madhav_agrawal_assn_2) by extension 'colcon_pkg'
[0.477s] Level 1:colcon.colcon_core.package_identification:_identify(src/madhav_agrawal_assn_2) by extensions ['colcon_meta']
[0.477s] Level 1:colcon.colcon_core.package_identification:_identify(src/madhav_agrawal_assn_2) by extension 'colcon_meta'
[0.477s] Level 1:colcon.colcon_core.package_identification:_identify(src/madhav_agrawal_assn_2) by extensions ['ros']
[0.477s] Level 1:colcon.colcon_core.package_identification:_identify(src/madhav_agrawal_assn_2) by extension 'ros'
[0.479s] DEBUG:colcon.colcon_core.package_identification:Package 'src/madhav_agrawal_assn_2' with type 'ros.ament_python' and name 'madhav_agrawal_assn_2'
[0.479s] Level 1:colcon.colcon_core.package_identification:_identify(src/mrt_interfaces) by extensions ['ignore', 'ignore_ament_install']
[0.479s] Level 1:colcon.colcon_core.package_identification:_identify(src/mrt_interfaces) by extension 'ignore'
[0.479s] Level 1:colcon.colcon_core.package_identification:_identify(src/mrt_interfaces) by extension 'ignore_ament_install'
[0.479s] Level 1:colcon.colcon_core.package_identification:_identify(src/mrt_interfaces) by extensions ['colcon_pkg']
[0.479s] Level 1:colcon.colcon_core.package_identification:_identify(src/mrt_interfaces) by extension 'colcon_pkg'
[0.479s] Level 1:colcon.colcon_core.package_identification:_identify(src/mrt_interfaces) by extensions ['colcon_meta']
[0.479s] Level 1:colcon.colcon_core.package_identification:_identify(src/mrt_interfaces) by extension 'colcon_meta'
[0.479s] Level 1:colcon.colcon_core.package_identification:_identify(src/mrt_interfaces) by extensions ['ros']
[0.479s] Level 1:colcon.colcon_core.package_identification:_identify(src/mrt_interfaces) by extension 'ros'
[0.480s] DEBUG:colcon.colcon_core.package_identification:Package 'src/mrt_interfaces' with type 'ros.ament_cmake' and name 'mrt_interfaces'
[0.480s] Level 1:colcon.colcon_core.package_discovery:discover_packages(recursive) using defaults
[0.480s] Level 1:colcon.colcon_core.package_discovery:discover_packages(ignore) discover
[0.480s] Level 1:colcon.colcon_core.package_discovery:discover_packages(ignore) using defaults
[0.480s] Level 1:colcon.colcon_core.package_discovery:discover_packages(path) discover
[0.480s] Level 1:colcon.colcon_core.package_discovery:discover_packages(path) using defaults
[0.522s] Level 1:colcon.colcon_core.package_discovery:discover_packages(prefix_path) check parameters
[0.522s] Level 1:colcon.colcon_core.package_discovery:discover_packages(prefix_path) discover
[0.536s] DEBUG:colcon.colcon_installed_package_information.package_discovery:Found 1 installed packages in /home/madhav/mrt_ws/install
[0.542s] DEBUG:colcon.colcon_installed_package_information.package_discovery:Found 3 installed packages in /home/madhav/erc_ws/install
[0.549s] DEBUG:colcon.colcon_installed_package_information.package_discovery:Found 270 installed packages in /opt/ros/humble
[0.550s] Level 1:colcon.colcon_core.package_discovery:discover_packages(prefix_path) using defaults
[0.595s] Level 5:colcon.colcon_core.verb:set package 'mrt_interfaces' build argument 'cmake_args' from command line to 'None'
[0.595s] Level 5:colcon.colcon_core.verb:set package 'mrt_interfaces' build argument 'cmake_target' from command line to 'None'
[0.595s] Level 5:colcon.colcon_core.verb:set package 'mrt_interfaces' build argument 'cmake_target_skip_unavailable' from command line to 'False'
[0.595s] Level 5:colcon.colcon_core.verb:set package 'mrt_interfaces' build argument 'cmake_clean_cache' from command line to 'False'
[0.595s] Level 5:colcon.colcon_core.verb:set package 'mrt_interfaces' build argument 'cmake_clean_first' from command line to 'False'
[0.596s] Level 5:colcon.colcon_core.verb:set package 'mrt_interfaces' build argument 'cmake_force_configure' from command line to 'False'
[0.596s] Level 5:colcon.colcon_core.verb:set package 'mrt_interfaces' build argument 'ament_cmake_args' from command line to 'None'
[0.596s] Level 5:colcon.colcon_core.verb:set package 'mrt_interfaces' build argument 'catkin_cmake_args' from command line to 'None'
[0.596s] Level 5:colcon.colcon_core.verb:set package 'mrt_interfaces' build argument 'catkin_skip_building_tests' from command line to 'False'
[0.596s] DEBUG:colcon.colcon_core.verb:Building package 'mrt_interfaces' with the following arguments: {'ament_cmake_args': None, 'build_base': '/home/madhav/mrt_ws/build/mrt_interfaces', 'catkin_cmake_args': None, 'catkin_skip_building_tests': False, 'cmake_args': None, 'cmake_clean_cache': False, 'cmake_clean_first': False, 'cmake_force_configure': False, 'cmake_target': None, 'cmake_target_skip_unavailable': False, 'install_base': '/home/madhav/mrt_ws/install/mrt_interfaces', 'merge_install': False, 'path': '/home/madhav/mrt_ws/src/mrt_interfaces', 'symlink_install': False, 'test_result_base': None}
[0.602s] Level 5:colcon.colcon_core.verb:set package 'madhav_agrawal_assn_2' build argument 'cmake_args' from command line to 'None'
[0.602s] Level 5:colcon.colcon_core.verb:set package 'madhav_agrawal_assn_2' build argument 'cmake_target' from command line to 'None'
[0.602s] Level 5:colcon.colcon_core.verb:set package 'madhav_agrawal_assn_2' build argument 'cmake_target_skip_unavailable' from command line to 'False'
[0.602s] Level 5:colcon.colcon_core.verb:set package 'madhav_agrawal_assn_2' build argument 'cmake_clean_cache' from command line to 'False'
[0.602s] Level 5:colcon.colcon_core.verb:set package 'madhav_agrawal_assn_2' build argument 'cmake_clean_first' from command line to 'False'
[0.602s] Level 5:colcon.colcon_core.verb:set package 'madhav_agrawal_assn_2' build argument 'cmake_force_configure' from command line to 'False'
[0.602s] Level 5:colcon.colcon_core.verb:set package 'madhav_agrawal_assn_2' build argument 'ament_cmake_args' from command line to 'None'
[0.602s] Level 5:colcon.colcon_core.verb:set package 'madhav_agrawal_assn_2' build argument 'catkin_cmake_args' from command line to 'None'
[0.602s] Level 5:colcon.colcon_core.verb:set package 'madhav_agrawal_assn_2' build argument 'catkin_skip_building_tests' from command line to 'False'
[0.602s] DEBUG:colcon.colcon_core.verb:Building package 'madhav_agrawal_assn_2' with the following arguments: {'ament_cmake_args': None, 'build_base': '/home/madhav/mrt_ws/build/madhav_agrawal_assn_2', 'catkin_cmake_args': None, 'catkin_skip_building_tests': False, 'cmake_args': None, 'cmake_clean_cache': False, 'cmake_clean_first': False, 'cmake_force_configure': False, 'cmake_target': None, 'cmake_target_skip_unavailable': False, 'install_base': '/home/madhav/mrt_ws/install/madhav_agrawal_assn_2', 'merge_install': False, 'path': '/home/madhav/mrt_ws/src/madhav_agrawal_assn_2', 'symlink_install': False, 'test_result_base': None}
[0.609s] INFO:colcon.colcon_core.executor:Executing jobs using 'parallel' executor
[0.616s] DEBUG:colcon.colcon_parallel_executor.executor.parallel:run_until_complete
[0.616s] INFO:colcon.colcon_ros.task.ament_cmake.build:Building ROS package in '/home/madhav/mrt_ws/src/mrt_interfaces' with build type 'ament_cmake'
[0.616s] INFO:colcon.colcon_cmake.task.cmake.build:Building CMake package in '/home/madhav/mrt_ws/src/mrt_interfaces'
[0.624s] INFO:colcon.colcon_core.plugin_system:Skipping extension 'colcon_core.shell.bat': Not used on non-Windows systems
[0.624s] INFO:colcon.colcon_core.shell:Skip shell extension 'powershell' for command environment: Not usable outside of PowerShell
[0.624s] DEBUG:colcon.colcon_core.shell:Skip shell extension 'dsv' for command environment
[0.655s] DEBUG:colcon.colcon_core.event_handler.log_command:Invoking command in '/home/madhav/mrt_ws/build/mrt_interfaces': CMAKE_PREFIX_PATH=/home/madhav/erc_ws/install/week1_tutorials:/home/madhav/erc_ws/install/week0_tutorials:/home/madhav/erc_ws/install/sherlock:/opt/ros/humble /usr/bin/cmake --build /home/madhav/mrt_ws/build/mrt_interfaces -- -j12 -l12
[0.857s] DEBUG:colcon.colcon_core.event_handler.log_command:Invoked command in '/home/madhav/mrt_ws/build/mrt_interfaces' returned '0': CMAKE_PREFIX_PATH=/home/madhav/erc_ws/install/week1_tutorials:/home/madhav/erc_ws/install/week0_tutorials:/home/madhav/erc_ws/install/sherlock:/opt/ros/humble /usr/bin/cmake --build /home/madhav/mrt_ws/build/mrt_interfaces -- -j12 -l12
[0.889s] DEBUG:colcon.colcon_core.event_handler.log_command:Invoking command in '/home/madhav/mrt_ws/build/mrt_interfaces': CMAKE_PREFIX_PATH=/home/madhav/erc_ws/install/week1_tutorials:/home/madhav/erc_ws/install/week0_tutorials:/home/madhav/erc_ws/install/sherlock:/opt/ros/humble /usr/bin/cmake --install /home/madhav/mrt_ws/build/mrt_interfaces
[0.920s] Level 1:colcon.colcon_core.environment:create_environment_scripts_only(mrt_interfaces)
[0.920s] DEBUG:colcon.colcon_core.event_handler.log_command:Invoked command in '/home/madhav/mrt_ws/build/mrt_interfaces' returned '0': CMAKE_PREFIX_PATH=/home/madhav/erc_ws/install/week1_tutorials:/home/madhav/erc_ws/install/week0_tutorials:/home/madhav/erc_ws/install/sherlock:/opt/ros/humble /usr/bin/cmake --install /home/madhav/mrt_ws/build/mrt_interfaces
[0.928s] Level 1:colcon.colcon_core.environment:checking '/home/madhav/mrt_ws/install/mrt_interfaces' for CMake module files
[0.928s] Level 1:colcon.colcon_core.environment:checking '/home/madhav/mrt_ws/install/mrt_interfaces' for CMake config files
[0.928s] Level 1:colcon.colcon_core.shell:create_environment_hook('mrt_interfaces', 'cmake_prefix_path')
[0.934s] INFO:colcon.colcon_core.shell:Creating environment hook '/home/madhav/mrt_ws/install/mrt_interfaces/share/mrt_interfaces/hook/cmake_prefix_path.ps1'
[0.935s] INFO:colcon.colcon_core.shell:Creating environment descriptor '/home/madhav/mrt_ws/install/mrt_interfaces/share/mrt_interfaces/hook/cmake_prefix_path.dsv'
[0.935s] INFO:colcon.colcon_core.shell:Creating environment hook '/home/madhav/mrt_ws/install/mrt_interfaces/share/mrt_interfaces/hook/cmake_prefix_path.sh'
[0.935s] Level 1:colcon.colcon_core.environment:checking '/home/madhav/mrt_ws/install/mrt_interfaces/lib'
[0.935s] Level 1:colcon.colcon_core.shell:create_environment_hook('mrt_interfaces', 'ld_library_path_lib')
[0.942s] INFO:colcon.colcon_core.shell:Creating environment hook '/home/madhav/mrt_ws/install/mrt_interfaces/share/mrt_interfaces/hook/ld_library_path_lib.ps1'
[0.942s] INFO:colcon.colcon_core.shell:Creating environment descriptor '/home/madhav/mrt_ws/install/mrt_interfaces/share/mrt_interfaces/hook/ld_library_path_lib.dsv'
[0.942s] INFO:colcon.colcon_core.shell:Creating environment hook '/home/madhav/mrt_ws/install/mrt_interfaces/share/mrt_interfaces/hook/ld_library_path_lib.sh'
[0.942s] Level 1:colcon.colcon_core.environment:checking '/home/madhav/mrt_ws/install/mrt_interfaces/bin'
[0.942s] Level 1:colcon.colcon_core.environment:checking '/home/madhav/mrt_ws/install/mrt_interfaces/lib/pkgconfig/mrt_interfaces.pc'
[0.942s] Level 1:colcon.colcon_core.environment:checking '/home/madhav/mrt_ws/install/mrt_interfaces/lib/python3.10/site-packages'
[0.942s] Level 1:colcon.colcon_core.environment:checking '/home/madhav/mrt_ws/install/mrt_interfaces/bin'
[0.955s] INFO:colcon.colcon_core.shell:Creating package script '/home/madhav/mrt_ws/install/mrt_interfaces/share/mrt_interfaces/package.ps1'
[0.955s] INFO:colcon.colcon_core.shell:Creating package descriptor '/home/madhav/mrt_ws/install/mrt_interfaces/share/mrt_interfaces/package.dsv'
[0.956s] INFO:colcon.colcon_core.shell:Creating package script '/home/madhav/mrt_ws/install/mrt_interfaces/share/mrt_interfaces/package.sh'
[0.956s] INFO:colcon.colcon_core.shell:Creating package script '/home/madhav/mrt_ws/install/mrt_interfaces/share/mrt_interfaces/package.bash'
[0.956s] INFO:colcon.colcon_core.shell:Creating package script '/home/madhav/mrt_ws/install/mrt_interfaces/share/mrt_interfaces/package.zsh'
[0.957s] Level 1:colcon.colcon_core.environment:create_file_with_runtime_dependencies(/home/madhav/mrt_ws/install/mrt_interfaces/share/colcon-core/packages/mrt_interfaces)
[0.990s] Level 1:colcon.colcon_core.environment:create_environment_scripts_only(mrt_interfaces)
[0.997s] Level 1:colcon.colcon_core.environment:checking '/home/madhav/mrt_ws/install/mrt_interfaces' for CMake module files
[0.997s] Level 1:colcon.colcon_core.environment:checking '/home/madhav/mrt_ws/install/mrt_interfaces' for CMake config files
[0.997s] Level 1:colcon.colcon_core.shell:create_environment_hook('mrt_interfaces', 'cmake_prefix_path')
[1.003s] INFO:colcon.colcon_core.shell:Creating environment hook '/home/madhav/mrt_ws/install/mrt_interfaces/share/mrt_interfaces/hook/cmake_prefix_path.ps1'
[1.004s] INFO:colcon.colcon_core.shell:Creating environment descriptor '/home/madhav/mrt_ws/install/mrt_interfaces/share/mrt_interfaces/hook/cmake_prefix_path.dsv'
[1.004s] INFO:colcon.colcon_core.shell:Creating environment hook '/home/madhav/mrt_ws/install/mrt_interfaces/share/mrt_interfaces/hook/cmake_prefix_path.sh'
[1.004s] Level 1:colcon.colcon_core.environment:checking '/home/madhav/mrt_ws/install/mrt_interfaces/lib'
[1.004s] Level 1:colcon.colcon_core.shell:create_environment_hook('mrt_interfaces', 'ld_library_path_lib')
[1.010s] INFO:colcon.colcon_core.shell:Creating environment hook '/home/madhav/mrt_ws/install/mrt_interfaces/share/mrt_interfaces/hook/ld_library_path_lib.ps1'
[1.010s] INFO:colcon.colcon_core.shell:Creating environment descriptor '/home/madhav/mrt_ws/install/mrt_interfaces/share/mrt_interfaces/hook/ld_library_path_lib.dsv'
[1.011s] INFO:colcon.colcon_core.shell:Creating environment hook '/home/madhav/mrt_ws/install/mrt_interfaces/share/mrt_interfaces/hook/ld_library_path_lib.sh'
[1.011s] Level 1:colcon.colcon_core.environment:checking '/home/madhav/mrt_ws/install/mrt_interfaces/bin'
[1.011s] Level 1:colcon.colcon_core.environment:checking '/home/madhav/mrt_ws/install/mrt_interfaces/lib/pkgconfig/mrt_interfaces.pc'
[1.011s] Level 1:colcon.colcon_core.environment:checking '/home/madhav/mrt_ws/install/mrt_interfaces/lib/python3.10/site-packages'
[1.011s] Level 1:colcon.colcon_core.environment:checking '/home/madhav/mrt_ws/install/mrt_interfaces/bin'
[1.017s] INFO:colcon.colcon_core.shell:Creating package script '/home/madhav/mrt_ws/install/mrt_interfaces/share/mrt_interfaces/package.ps1'
[1.018s] INFO:colcon.colcon_core.shell:Creating package descriptor '/home/madhav/mrt_ws/install/mrt_interfaces/share/mrt_interfaces/package.dsv'
[1.018s] INFO:colcon.colcon_core.shell:Creating package script '/home/madhav/mrt_ws/install/mrt_interfaces/share/mrt_interfaces/package.sh'
[1.018s] INFO:colcon.colcon_core.shell:Creating package script '/home/madhav/mrt_ws/install/mrt_interfaces/share/mrt_interfaces/package.bash'
[1.018s] INFO:colcon.colcon_core.shell:Creating package script '/home/madhav/mrt_ws/install/mrt_interfaces/share/mrt_interfaces/package.zsh'
[1.018s] Level 1:colcon.colcon_core.environment:create_file_with_runtime_dependencies(/home/madhav/mrt_ws/install/mrt_interfaces/share/colcon-core/packages/mrt_interfaces)
[1.019s] INFO:colcon.colcon_ros.task.ament_python.build:Building ROS package in '/home/madhav/mrt_ws/src/madhav_agrawal_assn_2' with build type 'ament_python'
[1.019s] Level 1:colcon.colcon_core.shell:create_environment_hook('madhav_agrawal_assn_2', 'ament_prefix_path')
[1.025s] INFO:colcon.colcon_core.shell:Creating environment hook '/home/madhav/mrt_ws/install/madhav_agrawal_assn_2/share/madhav_agrawal_assn_2/hook/ament_prefix_path.ps1'
[1.026s] INFO:colcon.colcon_core.shell:Creating environment descriptor '/home/madhav/mrt_ws/install/madhav_agrawal_assn_2/share/madhav_agrawal_assn_2/hook/ament_prefix_path.dsv'
[1.026s] INFO:colcon.colcon_core.shell:Creating environment hook '/home/madhav/mrt_ws/install/madhav_agrawal_assn_2/share/madhav_agrawal_assn_2/hook/ament_prefix_path.sh'
[1.032s] INFO:colcon.colcon_core.shell:Skip shell extension 'powershell' for command environment: Not usable outside of PowerShell
[1.032s] DEBUG:colcon.colcon_core.shell:Skip shell extension 'dsv' for command environment
[1.189s] INFO:colcon.colcon_core.task.python.build:Building Python package in '/home/madhav/mrt_ws/src/madhav_agrawal_assn_2'
[1.195s] INFO:colcon.colcon_core.shell:Skip shell extension 'powershell' for command environment: Not usable outside of PowerShell
[1.195s] DEBUG:colcon.colcon_core.shell:Skip shell extension 'dsv' for command environment
[1.390s] DEBUG:colcon.colcon_core.event_handler.log_command:Invoking command in '/home/madhav/mrt_ws/src/madhav_agrawal_assn_2': AMENT_PREFIX_PATH=/home/madhav/mrt_ws/install/mrt_interfaces:${AMENT_PREFIX_PATH} CMAKE_PREFIX_PATH=/home/madhav/mrt_ws/install/mrt_interfaces LD_LIBRARY_PATH=/home/madhav/mrt_ws/install/mrt_interfaces/lib:${LD_LIBRARY_PATH} PYTHONPATH=/home/madhav/mrt_ws/build/madhav_agrawal_assn_2/prefix_override:/home/madhav/mrt_ws/install/madhav_agrawal_assn_2/lib/python3.10/site-packages:/home/madhav/mrt_ws/install/mrt_interfaces/local/lib/python3.10/dist-packages:${PYTHONPATH} /usr/bin/python3 setup.py egg_info --egg-base ../../build/madhav_agrawal_assn_2 build --build-base /home/madhav/mrt_ws/build/madhav_agrawal_assn_2/build install --record /home/madhav/mrt_ws/build/madhav_agrawal_assn_2/install.log --single-version-externally-managed
[1.561s] DEBUG:colcon.colcon_core.event_handler.log_command:Invoked command in '/home/madhav/mrt_ws/src/madhav_agrawal_assn_2' returned '0': AMENT_PREFIX_PATH=/home/madhav/mrt_ws/install/mrt_interfaces:${AMENT_PREFIX_PATH} CMAKE_PREFIX_PATH=/home/madhav/mrt_ws/install/mrt_interfaces LD_LIBRARY_PATH=/home/madhav/mrt_ws/install/mrt_interfaces/lib:${LD_LIBRARY_PATH} PYTHONPATH=/home/madhav/mrt_ws/build/madhav_agrawal_assn_2/prefix_override:/home/madhav/mrt_ws/install/madhav_agrawal_assn_2/lib/python3.10/site-packages:/home/madhav/mrt_ws/install/mrt_interfaces/local/lib/python3.10/dist-packages:${PYTHONPATH} /usr/bin/python3 setup.py egg_info --egg-base ../../build/madhav_agrawal_assn_2 build --build-base /home/madhav/mrt_ws/build/madhav_agrawal_assn_2/build install --record /home/madhav/mrt_ws/build/madhav_agrawal_assn_2/install.log --single-version-externally-managed
[1.572s] Level 1:colcon.colcon_core.environment:checking '/home/madhav/mrt_ws/install/madhav_agrawal_assn_2' for CMake module files
[1.572s] Level 1:colcon.colcon_core.environment:checking '/home/madhav/mrt_ws/install/madhav_agrawal_assn_2' for CMake config files
[1.572s] Level 1:colcon.colcon_core.environment:checking '/home/madhav/mrt_ws/install/madhav_agrawal_assn_2/lib'
[1.572s] Level 1:colcon.colcon_core.environment:checking '/home/madhav/mrt_ws/install/madhav_agrawal_assn_2/bin'
[1.572s] Level 1:colcon.colcon_core.environment:checking '/home/madhav/mrt_ws/install/madhav_agrawal_assn_2/lib/pkgconfig/madhav_agrawal_assn_2.pc'
[1.572s] Level 1:colcon.colcon_core.environment:checking '/home/madhav/mrt_ws/install/madhav_agrawal_assn_2/lib/python3.10/site-packages'
[1.572s] Level 1:colcon.colcon_core.shell:create_environment_hook('madhav_agrawal_assn_2', 'pythonpath')
[1.579s] INFO:colcon.colcon_core.shell:Creating environment hook '/home/madhav/mrt_ws/install/madhav_agrawal_assn_2/share/madhav_agrawal_assn_2/hook/pythonpath.ps1'
[1.579s] INFO:colcon.colcon_core.shell:Creating environment descriptor '/home/madhav/mrt_ws/install/madhav_agrawal_assn_2/share/madhav_agrawal_assn_2/hook/pythonpath.dsv'
[1.579s] INFO:colcon.colcon_core.shell:Creating environment hook '/home/madhav/mrt_ws/install/madhav_agrawal_assn_2/share/madhav_agrawal_assn_2/hook/pythonpath.sh'
[1.579s] Level 1:colcon.colcon_core.environment:checking '/home/madhav/mrt_ws/install/madhav_agrawal_assn_2/bin'
[1.579s] Level 1:colcon.colcon_core.environment:create_environment_scripts_only(madhav_agrawal_assn_2)
[1.586s] INFO:colcon.colcon_core.shell:Creating package script '/home/madhav/mrt_ws/install/madhav_agrawal_assn_2/share/madhav_agrawal_assn_2/package.ps1'
[1.586s] INFO:colcon.colcon_core.shell:Creating package descriptor '/home/madhav/mrt_ws/install/madhav_agrawal_assn_2/share/madhav_agrawal_assn_2/package.dsv'
[1.586s] INFO:colcon.colcon_core.shell:Creating package script '/home/madhav/mrt_ws/install/madhav_agrawal_assn_2/share/madhav_agrawal_assn_2/package.sh'
[1.586s] INFO:colcon.colcon_core.shell:Creating package script '/home/madhav/mrt_ws/install/madhav_agrawal_assn_2/share/madhav_agrawal_assn_2/package.bash'
[1.586s] INFO:colcon.colcon_core.shell:Creating package script '/home/madhav/mrt_ws/install/madhav_agrawal_assn_2/share/madhav_agrawal_assn_2/package.zsh'
[1.586s] Level 1:colcon.colcon_core.environment:create_file_with_runtime_dependencies(/home/madhav/mrt_ws/install/madhav_agrawal_assn_2/share/colcon-core/packages/madhav_agrawal_assn_2)
[1.587s] DEBUG:colcon.colcon_parallel_executor.executor.parallel:closing loop
[1.587s] DEBUG:colcon.colcon_parallel_executor.executor.parallel:loop closed
[1.587s] DEBUG:colcon.colcon_parallel_executor.executor.parallel:run_until_complete finished with '0'
[1.587s] DEBUG:colcon.colcon_core.event_reactor:joining thread
[1.596s] INFO:colcon.colcon_core.plugin_system:Skipping extension 'colcon_notification.desktop_notification.terminal_notifier': Not used on non-Darwin systems
[1.596s] INFO:colcon.colcon_core.plugin_system:Skipping extension 'colcon_notification.desktop_notification.win32': Not used on non-Windows systems
[1.596s] INFO:colcon.colcon_notification.desktop_notification:Sending desktop notification using 'notify2'
[1.605s] DEBUG:colcon.colcon_core.event_reactor:joined thread
[1.611s] INFO:colcon.colcon_core.shell:Creating prefix script '/home/madhav/mrt_ws/install/local_setup.ps1'
[1.612s] INFO:colcon.colcon_core.shell:Creating prefix util module '/home/madhav/mrt_ws/install/_local_setup_util_ps1.py'
[1.612s] INFO:colcon.colcon_core.shell:Creating prefix chain script '/home/madhav/mrt_ws/install/setup.ps1'
[1.619s] INFO:colcon.colcon_core.shell:Creating prefix script '/home/madhav/mrt_ws/install/local_setup.sh'
[1.620s] INFO:colcon.colcon_core.shell:Creating prefix util module '/home/madhav/mrt_ws/install/_local_setup_util_sh.py'
[1.620s] INFO:colcon.colcon_core.shell:Creating prefix chain script '/home/madhav/mrt_ws/install/setup.sh'
[1.627s] INFO:colcon.colcon_core.shell:Creating prefix script '/home/madhav/mrt_ws/install/local_setup.bash'
[1.627s] INFO:colcon.colcon_core.shell:Creating prefix chain script '/home/madhav/mrt_ws/install/setup.bash'
[1.634s] INFO:colcon.colcon_core.shell:Creating prefix script '/home/madhav/mrt_ws/install/local_setup.zsh'
[1.634s] INFO:colcon.colcon_core.shell:Creating prefix chain script '/home/madhav/mrt_ws/install/setup.zsh'
