[  6%] [32mBuilding C object CMakeFiles/mrt_interfaces__rosidl_generator_c.dir/rosidl_generator_c/mrt_interfaces/msg/detail/custom__functions.c.o[0m
[  6%] Built target mrt_interfaces__cpp
[  6%] Built target ament_cmake_python_copy_mrt_interfaces
In file included from [01m[K/home/madhav/mrt_ws/build/mrt_interfaces/rosidl_generator_c/mrt_interfaces/msg/detail/custom__functions.h:19[m[K,
                 from [01m[K/home/madhav/mrt_ws/build/mrt_interfaces/rosidl_generator_c/mrt_interfaces/msg/detail/custom__functions.c:4[m[K:
[01m[K/home/madhav/mrt_ws/build/mrt_interfaces/rosidl_generator_c/mrt_interfaces/msg/detail/custom__struct.h:22:10:[m[K [01;31m[Kfatal error: [m[Kgeometry_msgs/msg/detail/pose__struct.h: No such file or directory
   22 | #include [01;31m[K"geometry_msgs/msg/detail/pose__struct.h"[m[K
      |          [01;31m[K^~~~~~~~~~~~~~~~~~~~~~~~~~~~~~~~~~~~~~~~~[m[K
compilation terminated.
gmake[2]: *** [CMakeFiles/mrt_interfaces__rosidl_generator_c.dir/build.make:105: CMakeFiles/mrt_interfaces__rosidl_generator_c.dir/rosidl_generator_c/mrt_interfaces/msg/detail/custom__functions.c.o] Error 1
gmake[1]: *** [CMakeFiles/Makefile2:213: CMakeFiles/mrt_interfaces__rosidl_generator_c.dir/all] Error 2
gmake[1]: *** Waiting for unfinished jobs....
[  9%] [32mBuilding CXX object CMakeFiles/mrt_interfaces__rosidl_typesupport_fastrtps_cpp.dir/rosidl_typesupport_fastrtps_cpp/mrt_interfaces/msg/detail/dds_fastrtps/custom__type_support.cpp.o[0m
[ 12%] [32mBuilding CXX object CMakeFiles/mrt_interfaces__rosidl_typesupport_introspection_cpp.dir/rosidl_typesupport_introspection_cpp/mrt_interfaces/msg/detail/custom__type_support.cpp.o[0m
[ 16%] [32mBuilding CXX object CMakeFiles/mrt_interfaces__rosidl_typesupport_cpp.dir/rosidl_typesupport_cpp/mrt_interfaces/msg/custom__type_support.cpp.o[0m
In file included from [01m[K/home/madhav/mrt_ws/build/mrt_interfaces/rosidl_typesupport_cpp/mrt_interfaces/msg/custom__type_support.cpp:7[m[K:
[01m[K/home/madhav/mrt_ws/build/mrt_interfaces/rosidl_generator_cpp/mrt_interfaces/msg/detail/custom__struct.hpp:20:10:[m[K [01;31m[Kfatal error: [m[Kgeometry_msgs/msg/detail/pose__struct.hpp: No such file or directory
   20 | #include [01;31m[K"geometry_msgs/msg/detail/pose__struct.hpp"[m[K
      |          [01;31m[K^~~~~~~~~~~~~~~~~~~~~~~~~~~~~~~~~~~~~~~~~~~[m[K
compilation terminated.
gmake[2]: *** [CMakeFiles/mrt_interfaces__rosidl_typesupport_cpp.dir/build.make:86: CMakeFiles/mrt_interfaces__rosidl_typesupport_cpp.dir/rosidl_typesupport_cpp/mrt_interfaces/msg/custom__type_support.cpp.o] Error 1
gmake[1]: *** [CMakeFiles/Makefile2:395: CMakeFiles/mrt_interfaces__rosidl_typesupport_cpp.dir/all] Error 2
In file included from [01m[K/home/madhav/mrt_ws/build/mrt_interfaces/rosidl_typesupport_fastrtps_cpp/mrt_interfaces/msg/detail/custom__rosidl_typesupport_fastrtps_cpp.hpp:11[m[K,
                 from [01m[K/home/madhav/mrt_ws/build/mrt_interfaces/rosidl_typesupport_fastrtps_cpp/mrt_interfaces/msg/detail/dds_fastrtps/custom__type_support.cpp:4[m[K:
[01m[K/home/madhav/mrt_ws/build/mrt_interfaces/rosidl_generator_cpp/mrt_interfaces/msg/detail/custom__struct.hpp:20:10:[m[K [01;31m[Kfatal error: [m[Kgeometry_msgs/msg/detail/pose__struct.hpp: No such file or directory
   20 | #include [01;31m[K"geometry_msgs/msg/detail/pose__struct.hpp"[m[K
      |          [01;31m[K^~~~~~~~~~~~~~~~~~~~~~~~~~~~~~~~~~~~~~~~~~~[m[K
compilation terminated.
gmake[2]: *** [CMakeFiles/mrt_interfaces__rosidl_typesupport_fastrtps_cpp.dir/build.make:91: CMakeFiles/mrt_interfaces__rosidl_typesupport_fastrtps_cpp.dir/rosidl_typesupport_fastrtps_cpp/mrt_interfaces/msg/detail/dds_fastrtps/custom__type_support.cpp.o] Error 1
gmake[1]: *** [CMakeFiles/Makefile2:343: CMakeFiles/mrt_interfaces__rosidl_typesupport_fastrtps_cpp.dir/all] Error 2
In file included from [01m[K/home/madhav/mrt_ws/build/mrt_interfaces/rosidl_typesupport_introspection_cpp/mrt_interfaces/msg/detail/custom__type_support.cpp:12[m[K:
[01m[K/home/madhav/mrt_ws/build/mrt_interfaces/rosidl_generator_cpp/mrt_interfaces/msg/detail/custom__struct.hpp:20:10:[m[K [01;31m[Kfatal error: [m[Kgeometry_msgs/msg/detail/pose__struct.hpp: No such file or directory
   20 | #include [01;31m[K"geometry_msgs/msg/detail/pose__struct.hpp"[m[K
      |          [01;31m[K^~~~~~~~~~~~~~~~~~~~~~~~~~~~~~~~~~~~~~~~~~~[m[K
compilation terminated.
gmake[2]: *** [CMakeFiles/mrt_interfaces__rosidl_typesupport_introspection_cpp.dir/build.make:91: CMakeFiles/mrt_interfaces__rosidl_typesupport_introspection_cpp.dir/rosidl_typesupport_introspection_cpp/mrt_interfaces/msg/detail/custom__type_support.cpp.o] Error 1
gmake[1]: *** [CMakeFiles/Makefile2:369: CMakeFiles/mrt_interfaces__rosidl_typesupport_introspection_cpp.dir/all] Error 2
running egg_info
writing mrt_interfaces.egg-info/PKG-INFO
writing dependency_links to mrt_interfaces.egg-info/dependency_links.txt
writing top-level names to mrt_interfaces.egg-info/top_level.txt
reading manifest file 'mrt_interfaces.egg-info/SOURCES.txt'
writing manifest file 'mrt_interfaces.egg-info/SOURCES.txt'
[ 16%] Built target ament_cmake_python_build_mrt_interfaces_egg
gmake: *** [Makefile:146: all] Error 2
